{"/home/jhenriksen/src/flow-work/rewrite/cc-flow/src/main/main.ts": {"path":"/home/jhenriksen/src/flow-work/rewrite/cc-flow/src/main/main.ts","statementMap":{"0":{"start":{"line":1,"column":0},"end":{"line":1,"column":36}},"1":{"start":{"line":2,"column":0},"end":{"line":2,"column":62}},"2":{"start":{"line":3,"column":0},"end":{"line":3,"column":30}},"3":{"start":{"line":5,"column":16},"end":{"line":18,"column":2}},"4":{"start":{"line":20,"column":33},"end":{"line":35,"column":1}},"5":{"start":{"line":21,"column":18},"end":{"line":28,"column":4}},"6":{"start":{"line":34,"column":2},"end":{"line":34,"column":17}},"7":{"start":{"line":20,"column":13},"end":{"line":20,"column":33}},"8":{"start":{"line":37,"column":20},"end":{"line":58,"column":1}},"9":{"start":{"line":39,"column":2},"end":{"line":39,"column":null}},"10":{"start":{"line":40,"column":24},"end":{"line":40,"column":88}},"11":{"start":{"line":41,"column":2},"end":{"line":41,"column":null}},"12":{"start":{"line":43,"column":2},"end":{"line":56,"column":null}},"13":{"start":{"line":44,"column":4},"end":{"line":44,"column":null}},"14":{"start":{"line":45,"column":4},"end":{"line":45,"column":null}},"15":{"start":{"line":47,"column":21},"end":{"line":47,"column":48}},"16":{"start":{"line":49,"column":4},"end":{"line":49,"column":null}},"17":{"start":{"line":51,"column":4},"end":{"line":51,"column":64}},"18":{"start":{"line":54,"column":4},"end":{"line":54,"column":null}},"19":{"start":{"line":55,"column":4},"end":{"line":55,"column":80}},"20":{"start":{"line":37,"column":13},"end":{"line":37,"column":20}},"21":{"start":{"line":60,"column":0},"end":{"line":60,"column":null}}},"fnMap":{"0":{"name":"(anonymous_0)","decl":{"start":{"line":20,"column":33},"end":{"line":20,"column":34}},"loc":{"start":{"line":20,"column":55},"end":{"line":35,"column":1}}},"1":{"name":"(anonymous_1)","decl":{"start":{"line":37,"column":20},"end":{"line":37,"column":25}},"loc":{"start":{"line":37,"column":30},"end":{"line":58,"column":1}}}},"branchMap":{},"s":{"0":1,"1":1,"2":1,"3":1,"4":1,"5":8,"6":8,"7":1,"8":1,"9":2,"10":2,"11":2,"12":2,"13":2,"14":1,"15":1,"16":1,"17":1,"18":1,"19":1,"20":1,"21":1},"f":{"0":8,"1":2},"b":{}}
,"/home/jhenriksen/src/flow-work/rewrite/cc-flow/src/main/task/branching.ts": {"path":"/home/jhenriksen/src/flow-work/rewrite/cc-flow/src/main/task/branching.ts","statementMap":{"0":{"start":{"line":2,"column":0},"end":{"line":2,"column":25}},"1":{"start":{"line":3,"column":0},"end":{"line":3,"column":27}},"2":{"start":{"line":4,"column":0},"end":{"line":4,"column":61}},"3":{"start":{"line":5,"column":0},"end":{"line":5,"column":49}},"4":{"start":{"line":6,"column":0},"end":{"line":6,"column":66}},"5":{"start":{"line":7,"column":0},"end":{"line":7,"column":31}},"6":{"start":{"line":18,"column":4},"end":{"line":39,"column":null}},"7":{"start":{"line":20,"column":18},"end":{"line":20,"column":46}},"8":{"start":{"line":21,"column":21},"end":{"line":21,"column":51}},"9":{"start":{"line":23,"column":6},"end":{"line":23,"column":null}},"10":{"start":{"line":24,"column":6},"end":{"line":26,"column":null}},"11":{"start":{"line":25,"column":8},"end":{"line":25,"column":null}},"12":{"start":{"line":27,"column":6},"end":{"line":29,"column":null}},"13":{"start":{"line":28,"column":8},"end":{"line":28,"column":null}},"14":{"start":{"line":30,"column":6},"end":{"line":32,"column":null}},"15":{"start":{"line":31,"column":8},"end":{"line":31,"column":null}},"16":{"start":{"line":36,"column":6},"end":{"line":36,"column":null}},"17":{"start":{"line":37,"column":6},"end":{"line":37,"column":null}},"18":{"start":{"line":38,"column":6},"end":{"line":38,"column":null}},"19":{"start":{"line":44,"column":19},"end":{"line":44,"column":21}},"20":{"start":{"line":45,"column":4},"end":{"line":50,"column":null}},"21":{"start":{"line":48,"column":8},"end":{"line":48,"column":null}},"22":{"start":{"line":51,"column":4},"end":{"line":51,"column":null}},"23":{"start":{"line":59,"column":4},"end":{"line":61,"column":null}},"24":{"start":{"line":60,"column":6},"end":{"line":60,"column":null}},"25":{"start":{"line":63,"column":18},"end":{"line":63,"column":27}},"26":{"start":{"line":68,"column":4},"end":{"line":96,"column":null}},"27":{"start":{"line":69,"column":31},"end":{"line":69,"column":63}},"28":{"start":{"line":69,"column":64},"end":{"line":69,"column":69}},"29":{"start":{"line":70,"column":30},"end":{"line":70,"column":61}},"30":{"start":{"line":70,"column":62},"end":{"line":70,"column":67}},"31":{"start":{"line":71,"column":31},"end":{"line":71,"column":63}},"32":{"start":{"line":71,"column":64},"end":{"line":71,"column":69}},"33":{"start":{"line":72,"column":32},"end":{"line":72,"column":65}},"34":{"start":{"line":72,"column":66},"end":{"line":72,"column":71}},"35":{"start":{"line":73,"column":32},"end":{"line":73,"column":65}},"36":{"start":{"line":73,"column":66},"end":{"line":73,"column":71}},"37":{"start":{"line":75,"column":33},"end":{"line":75,"column":68}},"38":{"start":{"line":75,"column":69},"end":{"line":75,"column":74}},"39":{"start":{"line":76,"column":34},"end":{"line":76,"column":65}},"40":{"start":{"line":76,"column":66},"end":{"line":76,"column":71}},"41":{"start":{"line":77,"column":40},"end":{"line":77,"column":87}},"42":{"start":{"line":77,"column":88},"end":{"line":77,"column":93}},"43":{"start":{"line":78,"column":41},"end":{"line":78,"column":89}},"44":{"start":{"line":78,"column":90},"end":{"line":78,"column":95}},"45":{"start":{"line":79,"column":42},"end":{"line":79,"column":88}},"46":{"start":{"line":79,"column":89},"end":{"line":79,"column":94}},"47":{"start":{"line":81,"column":40},"end":{"line":81,"column":79}},"48":{"start":{"line":81,"column":80},"end":{"line":81,"column":85}},"49":{"start":{"line":83,"column":28},"end":{"line":83,"column":71}},"50":{"start":{"line":83,"column":72},"end":{"line":83,"column":77}},"51":{"start":{"line":84,"column":26},"end":{"line":84,"column":68}},"52":{"start":{"line":84,"column":69},"end":{"line":84,"column":74}},"53":{"start":{"line":85,"column":30},"end":{"line":85,"column":55}},"54":{"start":{"line":85,"column":56},"end":{"line":85,"column":61}},"55":{"start":{"line":87,"column":29},"end":{"line":87,"column":57}},"56":{"start":{"line":87,"column":58},"end":{"line":87,"column":63}},"57":{"start":{"line":88,"column":36},"end":{"line":88,"column":67}},"58":{"start":{"line":88,"column":68},"end":{"line":88,"column":73}},"59":{"start":{"line":89,"column":23},"end":{"line":89,"column":28}},"60":{"start":{"line":91,"column":30},"end":{"line":91,"column":76}},"61":{"start":{"line":91,"column":77},"end":{"line":91,"column":82}},"62":{"start":{"line":93,"column":32},"end":{"line":93,"column":65}},"63":{"start":{"line":93,"column":66},"end":{"line":93,"column":71}},"64":{"start":{"line":94,"column":32},"end":{"line":94,"column":65}},"65":{"start":{"line":94,"column":66},"end":{"line":94,"column":71}},"66":{"start":{"line":95,"column":31},"end":{"line":95,"column":63}},"67":{"start":{"line":95,"column":64},"end":{"line":95,"column":69}},"68":{"start":{"line":102,"column":4},"end":{"line":122,"column":null}},"69":{"start":{"line":104,"column":6},"end":{"line":104,"column":null}},"70":{"start":{"line":105,"column":6},"end":{"line":121,"column":null}},"71":{"start":{"line":109,"column":26},"end":{"line":109,"column":39}},"72":{"start":{"line":110,"column":29},"end":{"line":110,"column":38}},"73":{"start":{"line":111,"column":28},"end":{"line":111,"column":58}},"74":{"start":{"line":114,"column":10},"end":{"line":114,"column":137}},"75":{"start":{"line":116,"column":10},"end":{"line":116,"column":46}},"76":{"start":{"line":117,"column":10},"end":{"line":117,"column":45}},"77":{"start":{"line":118,"column":10},"end":{"line":118,"column":56}},"78":{"start":{"line":119,"column":10},"end":{"line":119,"column":56}},"79":{"start":{"line":126,"column":20},"end":{"line":126,"column":48}},"80":{"start":{"line":127,"column":23},"end":{"line":127,"column":49}},"81":{"start":{"line":129,"column":4},"end":{"line":147,"column":null}},"82":{"start":{"line":131,"column":6},"end":{"line":131,"column":null}},"83":{"start":{"line":132,"column":6},"end":{"line":145,"column":null}},"84":{"start":{"line":135,"column":28},"end":{"line":135,"column":58}},"85":{"start":{"line":138,"column":10},"end":{"line":138,"column":145}},"86":{"start":{"line":140,"column":10},"end":{"line":140,"column":64}},"87":{"start":{"line":141,"column":10},"end":{"line":141,"column":62}},"88":{"start":{"line":142,"column":10},"end":{"line":142,"column":78}},"89":{"start":{"line":143,"column":10},"end":{"line":143,"column":82}},"90":{"start":{"line":146,"column":6},"end":{"line":146,"column":null}},"91":{"start":{"line":152,"column":20},"end":{"line":152,"column":48}},"92":{"start":{"line":153,"column":26},"end":{"line":153,"column":41}},"93":{"start":{"line":154,"column":4},"end":{"line":154,"column":null}},"94":{"start":{"line":155,"column":24},"end":{"line":155,"column":54}},"95":{"start":{"line":157,"column":4},"end":{"line":163,"column":null}},"96":{"start":{"line":158,"column":6},"end":{"line":158,"column":null}},"97":{"start":{"line":159,"column":28},"end":{"line":159,"column":64}},"98":{"start":{"line":160,"column":6},"end":{"line":160,"column":null}},"99":{"start":{"line":161,"column":6},"end":{"line":161,"column":null}},"100":{"start":{"line":162,"column":6},"end":{"line":162,"column":null}},"101":{"start":{"line":165,"column":4},"end":{"line":165,"column":null}},"102":{"start":{"line":167,"column":4},"end":{"line":170,"column":null}},"103":{"start":{"line":168,"column":6},"end":{"line":168,"column":null}},"104":{"start":{"line":169,"column":6},"end":{"line":169,"column":null}},"105":{"start":{"line":172,"column":24},"end":{"line":177,"column":null}},"106":{"start":{"line":179,"column":4},"end":{"line":198,"column":null}},"107":{"start":{"line":182,"column":26},"end":{"line":182,"column":41}},"108":{"start":{"line":184,"column":8},"end":{"line":196,"column":null}},"109":{"start":{"line":185,"column":22},"end":{"line":185,"column":58}},"110":{"start":{"line":186,"column":25},"end":{"line":186,"column":89}},"111":{"start":{"line":187,"column":10},"end":{"line":187,"column":null}},"112":{"start":{"line":189,"column":10},"end":{"line":195,"column":null}},"113":{"start":{"line":192,"column":14},"end":{"line":192,"column":null}},"114":{"start":{"line":193,"column":14},"end":{"line":193,"column":null}},"115":{"start":{"line":205,"column":4},"end":{"line":205,"column":null}},"116":{"start":{"line":206,"column":21},"end":{"line":206,"column":53}},"117":{"start":{"line":207,"column":16},"end":{"line":207,"column":44}},"118":{"start":{"line":208,"column":23},"end":{"line":208,"column":73}},"119":{"start":{"line":209,"column":22},"end":{"line":209,"column":52}},"120":{"start":{"line":210,"column":4},"end":{"line":210,"column":null}},"121":{"start":{"line":214,"column":21},"end":{"line":214,"column":53}},"122":{"start":{"line":215,"column":23},"end":{"line":215,"column":51}},"123":{"start":{"line":216,"column":26},"end":{"line":216,"column":56}},"124":{"start":{"line":217,"column":22},"end":{"line":217,"column":24}},"125":{"start":{"line":218,"column":4},"end":{"line":225,"column":null}},"126":{"start":{"line":220,"column":8},"end":{"line":220,"column":62}},"127":{"start":{"line":221,"column":8},"end":{"line":221,"column":64}},"128":{"start":{"line":224,"column":8},"end":{"line":224,"column":71}},"129":{"start":{"line":226,"column":31},"end":{"line":226,"column":91}},"130":{"start":{"line":228,"column":4},"end":{"line":228,"column":56}},"131":{"start":{"line":229,"column":28},"end":{"line":229,"column":46}},"132":{"start":{"line":230,"column":25},"end":{"line":230,"column":81}},"133":{"start":{"line":233,"column":0},"end":{"line":237,"column":null}},"134":{"start":{"line":239,"column":4},"end":{"line":239,"column":null}},"135":{"start":{"line":241,"column":4},"end":{"line":248,"column":7}},"136":{"start":{"line":245,"column":12},"end":{"line":245,"column":83}},"137":{"start":{"line":246,"column":12},"end":{"line":246,"column":91}},"138":{"start":{"line":252,"column":14},"end":{"line":252,"column":42}},"139":{"start":{"line":253,"column":17},"end":{"line":253,"column":50}},"140":{"start":{"line":254,"column":4},"end":{"line":254,"column":null}},"141":{"start":{"line":258,"column":14},"end":{"line":258,"column":42}},"142":{"start":{"line":259,"column":17},"end":{"line":259,"column":50}},"143":{"start":{"line":260,"column":4},"end":{"line":260,"column":null}},"144":{"start":{"line":264,"column":19},"end":{"line":264,"column":47}},"145":{"start":{"line":265,"column":19},"end":{"line":265,"column":69}},"146":{"start":{"line":266,"column":22},"end":{"line":266,"column":36}},"147":{"start":{"line":267,"column":4},"end":{"line":267,"column":null}},"148":{"start":{"line":273,"column":22},"end":{"line":273,"column":52}},"149":{"start":{"line":275,"column":4},"end":{"line":330,"column":null}},"150":{"start":{"line":277,"column":21},"end":{"line":277,"column":45}},"151":{"start":{"line":278,"column":6},"end":{"line":288,"column":null}},"152":{"start":{"line":279,"column":8},"end":{"line":279,"column":null}},"153":{"start":{"line":281,"column":8},"end":{"line":287,"column":null}},"154":{"start":{"line":284,"column":12},"end":{"line":284,"column":null}},"155":{"start":{"line":285,"column":12},"end":{"line":285,"column":null}},"156":{"start":{"line":290,"column":6},"end":{"line":296,"column":null}},"157":{"start":{"line":293,"column":10},"end":{"line":293,"column":null}},"158":{"start":{"line":294,"column":10},"end":{"line":294,"column":null}},"159":{"start":{"line":299,"column":6},"end":{"line":299,"column":null}},"160":{"start":{"line":300,"column":6},"end":{"line":306,"column":null}},"161":{"start":{"line":303,"column":10},"end":{"line":303,"column":null}},"162":{"start":{"line":304,"column":10},"end":{"line":304,"column":null}},"163":{"start":{"line":308,"column":6},"end":{"line":308,"column":null}},"164":{"start":{"line":309,"column":6},"end":{"line":315,"column":null}},"165":{"start":{"line":312,"column":10},"end":{"line":312,"column":null}},"166":{"start":{"line":313,"column":10},"end":{"line":313,"column":null}},"167":{"start":{"line":317,"column":6},"end":{"line":317,"column":null}},"168":{"start":{"line":318,"column":6},"end":{"line":325,"column":null}},"169":{"start":{"line":321,"column":10},"end":{"line":321,"column":null}},"170":{"start":{"line":322,"column":10},"end":{"line":322,"column":null}},"171":{"start":{"line":323,"column":10},"end":{"line":323,"column":null}},"172":{"start":{"line":329,"column":6},"end":{"line":329,"column":null}},"173":{"start":{"line":336,"column":17},"end":{"line":336,"column":25}},"174":{"start":{"line":337,"column":22},"end":{"line":337,"column":52}},"175":{"start":{"line":339,"column":4},"end":{"line":346,"column":null}},"176":{"start":{"line":340,"column":6},"end":{"line":345,"column":null}},"177":{"start":{"line":343,"column":10},"end":{"line":343,"column":null}},"178":{"start":{"line":348,"column":4},"end":{"line":348,"column":null}},"179":{"start":{"line":351,"column":4},"end":{"line":361,"column":null}},"180":{"start":{"line":352,"column":6},"end":{"line":352,"column":null}},"181":{"start":{"line":353,"column":6},"end":{"line":360,"column":null}},"182":{"start":{"line":356,"column":10},"end":{"line":356,"column":null}},"183":{"start":{"line":357,"column":10},"end":{"line":357,"column":null}},"184":{"start":{"line":358,"column":10},"end":{"line":358,"column":null}},"185":{"start":{"line":365,"column":22},"end":{"line":365,"column":52}},"186":{"start":{"line":366,"column":4},"end":{"line":366,"column":null}},"187":{"start":{"line":367,"column":4},"end":{"line":374,"column":null}},"188":{"start":{"line":370,"column":8},"end":{"line":370,"column":null}},"189":{"start":{"line":371,"column":8},"end":{"line":371,"column":null}},"190":{"start":{"line":372,"column":8},"end":{"line":372,"column":null}},"191":{"start":{"line":378,"column":22},"end":{"line":378,"column":52}},"192":{"start":{"line":379,"column":4},"end":{"line":379,"column":null}},"193":{"start":{"line":380,"column":4},"end":{"line":387,"column":null}},"194":{"start":{"line":383,"column":8},"end":{"line":383,"column":null}},"195":{"start":{"line":384,"column":8},"end":{"line":384,"column":null}},"196":{"start":{"line":385,"column":8},"end":{"line":385,"column":null}},"197":{"start":{"line":391,"column":22},"end":{"line":391,"column":52}},"198":{"start":{"line":392,"column":4},"end":{"line":392,"column":null}},"199":{"start":{"line":393,"column":4},"end":{"line":400,"column":null}},"200":{"start":{"line":396,"column":8},"end":{"line":396,"column":null}},"201":{"start":{"line":397,"column":8},"end":{"line":397,"column":null}},"202":{"start":{"line":398,"column":8},"end":{"line":398,"column":null}},"203":{"start":{"line":405,"column":19},"end":{"line":405,"column":47}},"204":{"start":{"line":406,"column":23},"end":{"line":406,"column":73}},"205":{"start":{"line":407,"column":4},"end":{"line":425,"column":null}},"206":{"start":{"line":408,"column":6},"end":{"line":408,"column":null}},"207":{"start":{"line":410,"column":6},"end":{"line":419,"column":null}},"208":{"start":{"line":413,"column":10},"end":{"line":413,"column":49}},"209":{"start":{"line":414,"column":10},"end":{"line":414,"column":49}},"210":{"start":{"line":415,"column":10},"end":{"line":415,"column":44}},"211":{"start":{"line":416,"column":10},"end":{"line":416,"column":null}},"212":{"start":{"line":423,"column":6},"end":{"line":423,"column":null}},"213":{"start":{"line":424,"column":6},"end":{"line":424,"column":null}},"214":{"start":{"line":431,"column":24},"end":{"line":431,"column":54}},"215":{"start":{"line":433,"column":18},"end":{"line":433,"column":20}},"216":{"start":{"line":434,"column":4},"end":{"line":439,"column":null}},"217":{"start":{"line":437,"column":8},"end":{"line":437,"column":null}},"218":{"start":{"line":441,"column":4},"end":{"line":443,"column":null}},"219":{"start":{"line":442,"column":6},"end":{"line":442,"column":12}},"220":{"start":{"line":445,"column":4},"end":{"line":445,"column":null}},"221":{"start":{"line":446,"column":17},"end":{"line":446,"column":48}},"222":{"start":{"line":448,"column":4},"end":{"line":448,"column":null}},"223":{"start":{"line":449,"column":4},"end":{"line":454,"column":null}},"224":{"start":{"line":452,"column":8},"end":{"line":452,"column":null}},"225":{"start":{"line":462,"column":16},"end":{"line":462,"column":44}},"226":{"start":{"line":463,"column":19},"end":{"line":463,"column":40}},"227":{"start":{"line":465,"column":4},"end":{"line":465,"column":null}},"228":{"start":{"line":472,"column":4},"end":{"line":479,"column":null}},"229":{"start":{"line":473,"column":6},"end":{"line":473,"column":80}},"230":{"start":{"line":474,"column":6},"end":{"line":474,"column":null}},"231":{"start":{"line":477,"column":6},"end":{"line":477,"column":null}},"232":{"start":{"line":478,"column":6},"end":{"line":478,"column":12}},"233":{"start":{"line":481,"column":4},"end":{"line":481,"column":null}},"234":{"start":{"line":482,"column":4},"end":{"line":482,"column":null}},"235":{"start":{"line":483,"column":4},"end":{"line":483,"column":null}},"236":{"start":{"line":484,"column":4},"end":{"line":484,"column":null}},"237":{"start":{"line":486,"column":4},"end":{"line":486,"column":null}},"238":{"start":{"line":493,"column":4},"end":{"line":493,"column":null}},"239":{"start":{"line":497,"column":27},"end":{"line":497,"column":48}},"240":{"start":{"line":498,"column":28},"end":{"line":498,"column":56}},"241":{"start":{"line":499,"column":33},"end":{"line":499,"column":66}},"242":{"start":{"line":500,"column":27},"end":{"line":500,"column":57}},"243":{"start":{"line":503,"column":4},"end":{"line":503,"column":null}},"244":{"start":{"line":504,"column":4},"end":{"line":504,"column":null}},"245":{"start":{"line":505,"column":4},"end":{"line":505,"column":null}},"246":{"start":{"line":508,"column":25},"end":{"line":508,"column":46}},"247":{"start":{"line":509,"column":28},"end":{"line":509,"column":56}},"248":{"start":{"line":510,"column":33},"end":{"line":510,"column":66}},"249":{"start":{"line":513,"column":4},"end":{"line":513,"column":null}},"250":{"start":{"line":515,"column":22},"end":{"line":515,"column":24}},"251":{"start":{"line":516,"column":4},"end":{"line":539,"column":null}},"252":{"start":{"line":517,"column":6},"end":{"line":517,"column":null}},"253":{"start":{"line":520,"column":6},"end":{"line":538,"column":null}},"254":{"start":{"line":521,"column":8},"end":{"line":521,"column":null}},"255":{"start":{"line":523,"column":21},"end":{"line":523,"column":26}},"256":{"start":{"line":524,"column":8},"end":{"line":532,"column":null}},"257":{"start":{"line":527,"column":12},"end":{"line":530,"column":null}},"258":{"start":{"line":528,"column":14},"end":{"line":528,"column":null}},"259":{"start":{"line":529,"column":14},"end":{"line":529,"column":null}},"260":{"start":{"line":533,"column":8},"end":{"line":533,"column":null}},"261":{"start":{"line":533,"column":19},"end":{"line":533,"column":25}},"262":{"start":{"line":534,"column":8},"end":{"line":534,"column":null}},"263":{"start":{"line":537,"column":8},"end":{"line":537,"column":null}},"264":{"start":{"line":541,"column":4},"end":{"line":541,"column":null}},"265":{"start":{"line":543,"column":4},"end":{"line":611,"column":null}},"266":{"start":{"line":547,"column":8},"end":{"line":547,"column":74}},"267":{"start":{"line":550,"column":8},"end":{"line":550,"column":null}},"268":{"start":{"line":551,"column":8},"end":{"line":551,"column":null}},"269":{"start":{"line":553,"column":8},"end":{"line":553,"column":null}},"270":{"start":{"line":554,"column":8},"end":{"line":554,"column":33}},"271":{"start":{"line":556,"column":8},"end":{"line":578,"column":null}},"272":{"start":{"line":557,"column":10},"end":{"line":577,"column":null}},"273":{"start":{"line":559,"column":12},"end":{"line":559,"column":null}},"274":{"start":{"line":561,"column":12},"end":{"line":561,"column":94}},"275":{"start":{"line":564,"column":12},"end":{"line":564,"column":null}},"276":{"start":{"line":565,"column":12},"end":{"line":565,"column":null}},"277":{"start":{"line":568,"column":12},"end":{"line":576,"column":null}},"278":{"start":{"line":569,"column":14},"end":{"line":569,"column":null}},"279":{"start":{"line":570,"column":14},"end":{"line":570,"column":null}},"280":{"start":{"line":571,"column":14},"end":{"line":571,"column":20}},"281":{"start":{"line":574,"column":14},"end":{"line":574,"column":null}},"282":{"start":{"line":575,"column":14},"end":{"line":575,"column":null}},"283":{"start":{"line":581,"column":8},"end":{"line":581,"column":null}},"284":{"start":{"line":584,"column":8},"end":{"line":584,"column":93}},"285":{"start":{"line":587,"column":8},"end":{"line":587,"column":null}},"286":{"start":{"line":589,"column":8},"end":{"line":589,"column":null}},"287":{"start":{"line":590,"column":8},"end":{"line":590,"column":null}},"288":{"start":{"line":592,"column":8},"end":{"line":594,"column":null}},"289":{"start":{"line":593,"column":10},"end":{"line":593,"column":null}},"290":{"start":{"line":595,"column":8},"end":{"line":595,"column":null}},"291":{"start":{"line":597,"column":8},"end":{"line":597,"column":null}},"292":{"start":{"line":600,"column":8},"end":{"line":600,"column":null}},"293":{"start":{"line":602,"column":8},"end":{"line":602,"column":null}},"294":{"start":{"line":603,"column":8},"end":{"line":603,"column":null}},"295":{"start":{"line":604,"column":8},"end":{"line":604,"column":null}},"296":{"start":{"line":605,"column":8},"end":{"line":605,"column":null}},"297":{"start":{"line":606,"column":8},"end":{"line":606,"column":33}},"298":{"start":{"line":609,"column":8},"end":{"line":609,"column":null}},"299":{"start":{"line":618,"column":22},"end":{"line":618,"column":52}},"300":{"start":{"line":620,"column":4},"end":{"line":620,"column":null}},"301":{"start":{"line":621,"column":4},"end":{"line":621,"column":84}},"302":{"start":{"line":623,"column":4},"end":{"line":637,"column":null}},"303":{"start":{"line":627,"column":8},"end":{"line":627,"column":137}},"304":{"start":{"line":629,"column":8},"end":{"line":629,"column":null}},"305":{"start":{"line":631,"column":8},"end":{"line":631,"column":null}},"306":{"start":{"line":633,"column":8},"end":{"line":633,"column":null}},"307":{"start":{"line":635,"column":8},"end":{"line":635,"column":null}},"308":{"start":{"line":643,"column":19},"end":{"line":643,"column":21}},"309":{"start":{"line":644,"column":19},"end":{"line":644,"column":21}},"310":{"start":{"line":645,"column":20},"end":{"line":645,"column":22}},"311":{"start":{"line":649,"column":4},"end":{"line":654,"column":null}},"312":{"start":{"line":650,"column":6},"end":{"line":650,"column":null}},"313":{"start":{"line":653,"column":6},"end":{"line":653,"column":null}},"314":{"start":{"line":653,"column":64},"end":{"line":653,"column":81}},"315":{"start":{"line":657,"column":4},"end":{"line":662,"column":null}},"316":{"start":{"line":658,"column":6},"end":{"line":658,"column":null}},"317":{"start":{"line":661,"column":6},"end":{"line":661,"column":null}},"318":{"start":{"line":661,"column":64},"end":{"line":661,"column":81}},"319":{"start":{"line":665,"column":21},"end":{"line":665,"column":41}},"320":{"start":{"line":668,"column":4},"end":{"line":668,"column":null}},"321":{"start":{"line":669,"column":4},"end":{"line":669,"column":null}},"322":{"start":{"line":670,"column":4},"end":{"line":670,"column":null}},"323":{"start":{"line":671,"column":4},"end":{"line":675,"column":null}},"324":{"start":{"line":680,"column":24},"end":{"line":680,"column":54}},"325":{"start":{"line":681,"column":21},"end":{"line":681,"column":55}},"326":{"start":{"line":683,"column":4},"end":{"line":683,"column":null}},"327":{"start":{"line":684,"column":19},"end":{"line":684,"column":53}},"328":{"start":{"line":686,"column":4},"end":{"line":713,"column":null}},"329":{"start":{"line":687,"column":6},"end":{"line":687,"column":null}},"330":{"start":{"line":688,"column":6},"end":{"line":688,"column":null}},"331":{"start":{"line":690,"column":24},"end":{"line":690,"column":69}},"332":{"start":{"line":691,"column":24},"end":{"line":691,"column":69}},"333":{"start":{"line":693,"column":6},"end":{"line":709,"column":null}},"334":{"start":{"line":704,"column":10},"end":{"line":707,"column":null}},"335":{"start":{"line":705,"column":12},"end":{"line":705,"column":null}},"336":{"start":{"line":706,"column":12},"end":{"line":706,"column":null}},"337":{"start":{"line":712,"column":6},"end":{"line":712,"column":null}},"338":{"start":{"line":715,"column":4},"end":{"line":715,"column":null}},"339":{"start":{"line":11,"column":0},"end":{"line":11,"column":13}},"340":{"start":{"line":721,"column":0},"end":{"line":721,"column":null}}},"fnMap":{"0":{"name":"(anonymous_0)","decl":{"start":{"line":13,"column":2},"end":{"line":13,"column":14}},"loc":{"start":{"line":13,"column":21},"end":{"line":14,"column":3}}},"1":{"name":"(anonymous_1)","decl":{"start":{"line":16,"column":2},"end":{"line":16,"column":7}},"loc":{"start":{"line":16,"column":12},"end":{"line":40,"column":3}}},"2":{"name":"(anonymous_2)","decl":{"start":{"line":42,"column":2},"end":{"line":42,"column":7}},"loc":{"start":{"line":42,"column":15},"end":{"line":52,"column":3}}},"3":{"name":"(anonymous_3)","decl":{"start":{"line":47,"column":12},"end":{"line":47,"column":16}},"loc":{"start":{"line":47,"column":19},"end":{"line":49,"column":7}}},"4":{"name":"(anonymous_4)","decl":{"start":{"line":57,"column":2},"end":{"line":57,"column":7}},"loc":{"start":{"line":57,"column":19},"end":{"line":98,"column":3}}},"5":{"name":"(anonymous_5)","decl":{"start":{"line":101,"column":2},"end":{"line":101,"column":7}},"loc":{"start":{"line":101,"column":22},"end":{"line":123,"column":3}}},"6":{"name":"(anonymous_6)","decl":{"start":{"line":108,"column":14},"end":{"line":108,"column":19}},"loc":{"start":{"line":108,"column":25},"end":{"line":120,"column":9}}},"7":{"name":"(anonymous_7)","decl":{"start":{"line":125,"column":2},"end":{"line":125,"column":7}},"loc":{"start":{"line":125,"column":25},"end":{"line":148,"column":3}}},"8":{"name":"(anonymous_8)","decl":{"start":{"line":134,"column":14},"end":{"line":134,"column":19}},"loc":{"start":{"line":134,"column":25},"end":{"line":144,"column":9}}},"9":{"name":"(anonymous_9)","decl":{"start":{"line":151,"column":2},"end":{"line":151,"column":7}},"loc":{"start":{"line":151,"column":50},"end":{"line":200,"column":3}}},"10":{"name":"(anonymous_10)","decl":{"start":{"line":181,"column":12},"end":{"line":181,"column":17}},"loc":{"start":{"line":181,"column":38},"end":{"line":197,"column":7}}},"11":{"name":"(anonymous_11)","decl":{"start":{"line":191,"column":18},"end":{"line":191,"column":23}},"loc":{"start":{"line":191,"column":29},"end":{"line":194,"column":13}}},"12":{"name":"(anonymous_12)","decl":{"start":{"line":204,"column":2},"end":{"line":204,"column":7}},"loc":{"start":{"line":204,"column":26},"end":{"line":211,"column":3}}},"13":{"name":"(anonymous_13)","decl":{"start":{"line":213,"column":2},"end":{"line":213,"column":7}},"loc":{"start":{"line":213,"column":25},"end":{"line":249,"column":1}}},"14":{"name":"(anonymous_14)","decl":{"start":{"line":244,"column":14},"end":{"line":244,"column":19}},"loc":{"start":{"line":244,"column":29},"end":{"line":247,"column":9}}},"15":{"name":"(anonymous_15)","decl":{"start":{"line":251,"column":2},"end":{"line":251,"column":7}},"loc":{"start":{"line":251,"column":27},"end":{"line":255,"column":3}}},"16":{"name":"(anonymous_16)","decl":{"start":{"line":257,"column":2},"end":{"line":257,"column":7}},"loc":{"start":{"line":257,"column":26},"end":{"line":261,"column":3}}},"17":{"name":"(anonymous_17)","decl":{"start":{"line":263,"column":2},"end":{"line":263,"column":7}},"loc":{"start":{"line":263,"column":27},"end":{"line":268,"column":3}}},"18":{"name":"(anonymous_18)","decl":{"start":{"line":271,"column":2},"end":{"line":271,"column":7}},"loc":{"start":{"line":271,"column":28},"end":{"line":332,"column":3}}},"19":{"name":"(anonymous_19)","decl":{"start":{"line":283,"column":15},"end":{"line":283,"column":16}},"loc":{"start":{"line":283,"column":23},"end":{"line":286,"column":11}}},"20":{"name":"(anonymous_20)","decl":{"start":{"line":292,"column":14},"end":{"line":292,"column":19}},"loc":{"start":{"line":292,"column":25},"end":{"line":295,"column":9}}},"21":{"name":"(anonymous_21)","decl":{"start":{"line":302,"column":14},"end":{"line":302,"column":19}},"loc":{"start":{"line":302,"column":25},"end":{"line":305,"column":9}}},"22":{"name":"(anonymous_22)","decl":{"start":{"line":311,"column":14},"end":{"line":311,"column":19}},"loc":{"start":{"line":311,"column":25},"end":{"line":314,"column":9}}},"23":{"name":"(anonymous_23)","decl":{"start":{"line":320,"column":14},"end":{"line":320,"column":19}},"loc":{"start":{"line":320,"column":25},"end":{"line":324,"column":9}}},"24":{"name":"(anonymous_24)","decl":{"start":{"line":334,"column":2},"end":{"line":334,"column":7}},"loc":{"start":{"line":334,"column":72},"end":{"line":362,"column":3}}},"25":{"name":"(anonymous_25)","decl":{"start":{"line":342,"column":13},"end":{"line":342,"column":14}},"loc":{"start":{"line":342,"column":21},"end":{"line":344,"column":9}}},"26":{"name":"(anonymous_26)","decl":{"start":{"line":355,"column":14},"end":{"line":355,"column":19}},"loc":{"start":{"line":355,"column":25},"end":{"line":359,"column":9}}},"27":{"name":"(anonymous_27)","decl":{"start":{"line":364,"column":2},"end":{"line":364,"column":7}},"loc":{"start":{"line":364,"column":27},"end":{"line":375,"column":3}}},"28":{"name":"(anonymous_28)","decl":{"start":{"line":369,"column":12},"end":{"line":369,"column":17}},"loc":{"start":{"line":369,"column":23},"end":{"line":373,"column":7}}},"29":{"name":"(anonymous_29)","decl":{"start":{"line":377,"column":2},"end":{"line":377,"column":7}},"loc":{"start":{"line":377,"column":27},"end":{"line":388,"column":3}}},"30":{"name":"(anonymous_30)","decl":{"start":{"line":382,"column":12},"end":{"line":382,"column":17}},"loc":{"start":{"line":382,"column":23},"end":{"line":386,"column":7}}},"31":{"name":"(anonymous_31)","decl":{"start":{"line":390,"column":2},"end":{"line":390,"column":7}},"loc":{"start":{"line":390,"column":26},"end":{"line":401,"column":3}}},"32":{"name":"(anonymous_32)","decl":{"start":{"line":395,"column":12},"end":{"line":395,"column":17}},"loc":{"start":{"line":395,"column":23},"end":{"line":399,"column":7}}},"33":{"name":"(anonymous_33)","decl":{"start":{"line":403,"column":2},"end":{"line":403,"column":7}},"loc":{"start":{"line":403,"column":33},"end":{"line":427,"column":3}}},"34":{"name":"(anonymous_34)","decl":{"start":{"line":412,"column":14},"end":{"line":412,"column":19}},"loc":{"start":{"line":412,"column":29},"end":{"line":418,"column":9}}},"35":{"name":"(anonymous_35)","decl":{"start":{"line":429,"column":2},"end":{"line":429,"column":7}},"loc":{"start":{"line":429,"column":19},"end":{"line":456,"column":3}}},"36":{"name":"(anonymous_36)","decl":{"start":{"line":436,"column":12},"end":{"line":436,"column":16}},"loc":{"start":{"line":436,"column":19},"end":{"line":438,"column":7}}},"37":{"name":"(anonymous_37)","decl":{"start":{"line":451,"column":12},"end":{"line":451,"column":17}},"loc":{"start":{"line":451,"column":27},"end":{"line":453,"column":7}}},"38":{"name":"(anonymous_38)","decl":{"start":{"line":460,"column":2},"end":{"line":460,"column":7}},"loc":{"start":{"line":460,"column":40},"end":{"line":487,"column":3}}},"39":{"name":"(anonymous_39)","decl":{"start":{"line":490,"column":2},"end":{"line":490,"column":7}},"loc":{"start":{"line":490,"column":64},"end":{"line":614,"column":3}}},"40":{"name":"(anonymous_40)","decl":{"start":{"line":526,"column":16},"end":{"line":526,"column":21}},"loc":{"start":{"line":526,"column":33},"end":{"line":531,"column":11}}},"41":{"name":"(anonymous_41)","decl":{"start":{"line":546,"column":12},"end":{"line":546,"column":17}},"loc":{"start":{"line":546,"column":23},"end":{"line":611,"column":7}}},"42":{"name":"(anonymous_42)","decl":{"start":{"line":616,"column":2},"end":{"line":616,"column":7}},"loc":{"start":{"line":616,"column":82},"end":{"line":638,"column":3}}},"43":{"name":"(anonymous_43)","decl":{"start":{"line":626,"column":12},"end":{"line":626,"column":17}},"loc":{"start":{"line":626,"column":23},"end":{"line":636,"column":7}}},"44":{"name":"(anonymous_44)","decl":{"start":{"line":641,"column":2},"end":{"line":641,"column":7}},"loc":{"start":{"line":641,"column":30},"end":{"line":677,"column":3}}},"45":{"name":"(anonymous_45)","decl":{"start":{"line":653,"column":53},"end":{"line":653,"column":58}},"loc":{"start":{"line":653,"column":61},"end":{"line":653,"column":82}}},"46":{"name":"(anonymous_46)","decl":{"start":{"line":661,"column":53},"end":{"line":661,"column":58}},"loc":{"start":{"line":661,"column":61},"end":{"line":661,"column":82}}},"47":{"name":"(anonymous_47)","decl":{"start":{"line":679,"column":2},"end":{"line":679,"column":7}},"loc":{"start":{"line":679,"column":27},"end":{"line":716,"column":3}}},"48":{"name":"(anonymous_48)","decl":{"start":{"line":703,"column":14},"end":{"line":703,"column":19}},"loc":{"start":{"line":703,"column":32},"end":{"line":708,"column":9}}}},"branchMap":{"0":{"loc":{"start":{"line":24,"column":6},"end":{"line":26,"column":null}},"type":"if","locations":[{"start":{"line":24,"column":6},"end":{"line":26,"column":null}}]},"1":{"loc":{"start":{"line":27,"column":6},"end":{"line":29,"column":null}},"type":"if","locations":[{"start":{"line":27,"column":6},"end":{"line":29,"column":null}}]},"2":{"loc":{"start":{"line":27,"column":9},"end":{"line":27,"column":58}},"type":"binary-expr","locations":[{"start":{"line":27,"column":9},"end":{"line":27,"column":31}},{"start":{"line":27,"column":35},"end":{"line":27,"column":58}}]},"3":{"loc":{"start":{"line":30,"column":6},"end":{"line":32,"column":null}},"type":"if","locations":[{"start":{"line":30,"column":6},"end":{"line":32,"column":null}}]},"4":{"loc":{"start":{"line":30,"column":9},"end":{"line":30,"column":59}},"type":"binary-expr","locations":[{"start":{"line":30,"column":9},"end":{"line":30,"column":31}},{"start":{"line":30,"column":35},"end":{"line":30,"column":59}}]},"5":{"loc":{"start":{"line":59,"column":4},"end":{"line":61,"column":null}},"type":"if","locations":[{"start":{"line":59,"column":4},"end":{"line":61,"column":null}}]},"6":{"loc":{"start":{"line":68,"column":4},"end":{"line":96,"column":null}},"type":"switch","locations":[{"start":{"line":69,"column":6},"end":{"line":69,"column":69}},{"start":{"line":70,"column":6},"end":{"line":70,"column":67}},{"start":{"line":71,"column":6},"end":{"line":71,"column":69}},{"start":{"line":72,"column":6},"end":{"line":72,"column":71}},{"start":{"line":73,"column":6},"end":{"line":73,"column":71}},{"start":{"line":75,"column":6},"end":{"line":75,"column":74}},{"start":{"line":76,"column":6},"end":{"line":76,"column":71}},{"start":{"line":77,"column":6},"end":{"line":77,"column":93}},{"start":{"line":78,"column":6},"end":{"line":78,"column":95}},{"start":{"line":79,"column":6},"end":{"line":79,"column":94}},{"start":{"line":81,"column":6},"end":{"line":81,"column":85}},{"start":{"line":83,"column":6},"end":{"line":83,"column":77}},{"start":{"line":84,"column":6},"end":{"line":84,"column":74}},{"start":{"line":85,"column":6},"end":{"line":85,"column":61}},{"start":{"line":87,"column":6},"end":{"line":87,"column":63}},{"start":{"line":88,"column":6},"end":{"line":88,"column":73}},{"start":{"line":89,"column":6},"end":{"line":89,"column":28}},{"start":{"line":91,"column":6},"end":{"line":91,"column":82}},{"start":{"line":93,"column":6},"end":{"line":93,"column":71}},{"start":{"line":94,"column":6},"end":{"line":94,"column":71}},{"start":{"line":95,"column":6},"end":{"line":95,"column":69}}]},"7":{"loc":{"start":{"line":102,"column":4},"end":{"line":122,"column":null}},"type":"if","locations":[{"start":{"line":102,"column":4},"end":{"line":122,"column":null}}]},"8":{"loc":{"start":{"line":129,"column":4},"end":{"line":147,"column":null}},"type":"if","locations":[{"start":{"line":129,"column":4},"end":{"line":147,"column":null}}]},"9":{"loc":{"start":{"line":157,"column":4},"end":{"line":163,"column":null}},"type":"if","locations":[{"start":{"line":157,"column":4},"end":{"line":163,"column":null}}]},"10":{"loc":{"start":{"line":167,"column":4},"end":{"line":170,"column":null}},"type":"if","locations":[{"start":{"line":167,"column":4},"end":{"line":170,"column":null}}]},"11":{"loc":{"start":{"line":184,"column":8},"end":{"line":196,"column":null}},"type":"if","locations":[{"start":{"line":184,"column":8},"end":{"line":196,"column":null}}]},"12":{"loc":{"start":{"line":184,"column":11},"end":{"line":184,"column":46}},"type":"binary-expr","locations":[{"start":{"line":184,"column":11},"end":{"line":184,"column":22}},{"start":{"line":184,"column":26},"end":{"line":184,"column":46}}]},"13":{"loc":{"start":{"line":186,"column":65},"end":{"line":186,"column":88}},"type":"binary-expr","locations":[{"start":{"line":186,"column":65},"end":{"line":186,"column":81}},{"start":{"line":186,"column":83},"end":{"line":186,"column":88}}]},"14":{"loc":{"start":{"line":218,"column":4},"end":{"line":225,"column":null}},"type":"if","locations":[{"start":{"line":218,"column":4},"end":{"line":225,"column":null}},{"start":{"line":223,"column":9},"end":{"line":225,"column":null}}]},"15":{"loc":{"start":{"line":275,"column":4},"end":{"line":330,"column":null}},"type":"if","locations":[{"start":{"line":275,"column":4},"end":{"line":330,"column":null}},{"start":{"line":328,"column":8},"end":{"line":330,"column":null}}]},"16":{"loc":{"start":{"line":278,"column":6},"end":{"line":288,"column":null}},"type":"if","locations":[{"start":{"line":278,"column":6},"end":{"line":288,"column":null}},{"start":{"line":280,"column":11},"end":{"line":288,"column":null}}]},"17":{"loc":{"start":{"line":334,"column":51},"end":{"line":334,"column":72}},"type":"default-arg","locations":[{"start":{"line":334,"column":67},"end":{"line":334,"column":72}}]},"18":{"loc":{"start":{"line":339,"column":4},"end":{"line":346,"column":null}},"type":"if","locations":[{"start":{"line":339,"column":4},"end":{"line":346,"column":null}}]},"19":{"loc":{"start":{"line":351,"column":4},"end":{"line":361,"column":null}},"type":"if","locations":[{"start":{"line":351,"column":4},"end":{"line":361,"column":null}}]},"20":{"loc":{"start":{"line":407,"column":4},"end":{"line":425,"column":null}},"type":"if","locations":[{"start":{"line":407,"column":4},"end":{"line":425,"column":null}},{"start":{"line":421,"column":8},"end":{"line":425,"column":null}}]},"21":{"loc":{"start":{"line":441,"column":4},"end":{"line":443,"column":null}},"type":"if","locations":[{"start":{"line":441,"column":4},"end":{"line":443,"column":null}}]},"22":{"loc":{"start":{"line":490,"column":36},"end":{"line":490,"column":64}},"type":"default-arg","locations":[{"start":{"line":490,"column":60},"end":{"line":490,"column":64}}]},"23":{"loc":{"start":{"line":516,"column":4},"end":{"line":539,"column":null}},"type":"if","locations":[{"start":{"line":516,"column":4},"end":{"line":539,"column":null}},{"start":{"line":519,"column":8},"end":{"line":539,"column":null}}]},"24":{"loc":{"start":{"line":520,"column":6},"end":{"line":538,"column":null}},"type":"if","locations":[{"start":{"line":520,"column":6},"end":{"line":538,"column":null}},{"start":{"line":536,"column":10},"end":{"line":538,"column":null}}]},"25":{"loc":{"start":{"line":527,"column":12},"end":{"line":530,"column":null}},"type":"if","locations":[{"start":{"line":527,"column":12},"end":{"line":530,"column":null}}]},"26":{"loc":{"start":{"line":533,"column":8},"end":{"line":533,"column":null}},"type":"if","locations":[{"start":{"line":533,"column":8},"end":{"line":533,"column":null}}]},"27":{"loc":{"start":{"line":556,"column":8},"end":{"line":578,"column":null}},"type":"if","locations":[{"start":{"line":556,"column":8},"end":{"line":578,"column":null}}]},"28":{"loc":{"start":{"line":556,"column":11},"end":{"line":556,"column":61}},"type":"binary-expr","locations":[{"start":{"line":556,"column":11},"end":{"line":556,"column":34}},{"start":{"line":556,"column":38},"end":{"line":556,"column":61}}]},"29":{"loc":{"start":{"line":568,"column":12},"end":{"line":576,"column":null}},"type":"if","locations":[{"start":{"line":568,"column":12},"end":{"line":576,"column":null}},{"start":{"line":573,"column":17},"end":{"line":576,"column":null}}]},"30":{"loc":{"start":{"line":592,"column":8},"end":{"line":594,"column":null}},"type":"if","locations":[{"start":{"line":592,"column":8},"end":{"line":594,"column":null}}]},"31":{"loc":{"start":{"line":592,"column":11},"end":{"line":592,"column":61}},"type":"binary-expr","locations":[{"start":{"line":592,"column":11},"end":{"line":592,"column":34}},{"start":{"line":592,"column":38},"end":{"line":592,"column":61}}]},"32":{"loc":{"start":{"line":649,"column":4},"end":{"line":654,"column":null}},"type":"if","locations":[{"start":{"line":649,"column":4},"end":{"line":654,"column":null}},{"start":{"line":652,"column":9},"end":{"line":654,"column":null}}]},"33":{"loc":{"start":{"line":657,"column":4},"end":{"line":662,"column":null}},"type":"if","locations":[{"start":{"line":657,"column":4},"end":{"line":662,"column":null}},{"start":{"line":660,"column":9},"end":{"line":662,"column":null}}]},"34":{"loc":{"start":{"line":686,"column":4},"end":{"line":713,"column":null}},"type":"if","locations":[{"start":{"line":686,"column":4},"end":{"line":713,"column":null}},{"start":{"line":711,"column":8},"end":{"line":713,"column":null}}]},"35":{"loc":{"start":{"line":704,"column":10},"end":{"line":707,"column":null}},"type":"if","locations":[{"start":{"line":704,"column":10},"end":{"line":707,"column":null}}]}},"s":{"0":10,"1":10,"2":10,"3":10,"4":10,"5":10,"6":4,"7":4,"8":4,"9":3,"10":3,"11":1,"12":3,"13":1,"14":3,"15":1,"16":1,"17":1,"18":1,"19":1,"20":1,"21":1,"22":1,"23":32,"24":1,"25":31,"26":31,"27":1,"28":1,"29":2,"30":2,"31":1,"32":1,"33":1,"34":1,"35":1,"36":1,"37":1,"38":1,"39":2,"40":2,"41":1,"42":1,"43":2,"44":2,"45":1,"46":1,"47":2,"48":2,"49":3,"50":3,"51":1,"52":1,"53":2,"54":2,"55":2,"56":2,"57":2,"58":2,"59":1,"60":2,"61":2,"62":1,"63":1,"64":1,"65":1,"66":1,"67":1,"68":2,"69":1,"70":1,"71":1,"72":1,"73":1,"74":1,"75":1,"76":1,"77":1,"78":1,"79":2,"80":2,"81":2,"82":1,"83":1,"84":1,"85":1,"86":1,"87":1,"88":1,"89":1,"90":1,"91":4,"92":4,"93":4,"94":4,"95":4,"96":1,"97":1,"98":1,"99":1,"100":1,"101":4,"102":4,"103":1,"104":1,"105":4,"106":4,"107":4,"108":4,"109":3,"110":3,"111":3,"112":3,"113":3,"114":3,"115":1,"116":1,"117":1,"118":1,"119":1,"120":1,"121":2,"122":2,"123":2,"124":2,"125":2,"126":1,"127":1,"128":1,"129":2,"130":2,"131":2,"132":2,"133":2,"134":2,"135":2,"136":2,"137":2,"138":1,"139":1,"140":1,"141":1,"142":1,"143":1,"144":1,"145":1,"146":1,"147":1,"148":3,"149":3,"150":2,"151":2,"152":1,"153":1,"154":1,"155":1,"156":2,"157":2,"158":2,"159":2,"160":2,"161":2,"162":2,"163":2,"164":2,"165":2,"166":2,"167":2,"168":2,"169":2,"170":2,"171":2,"172":1,"173":4,"174":4,"175":4,"176":1,"177":1,"178":4,"179":4,"180":2,"181":2,"182":2,"183":2,"184":2,"185":1,"186":1,"187":1,"188":1,"189":1,"190":1,"191":1,"192":1,"193":1,"194":1,"195":1,"196":1,"197":1,"198":1,"199":1,"200":1,"201":1,"202":1,"203":2,"204":2,"205":2,"206":1,"207":1,"208":1,"209":1,"210":1,"211":1,"212":1,"213":1,"214":2,"215":2,"216":2,"217":2,"218":2,"219":1,"220":1,"221":1,"222":1,"223":1,"224":1,"225":2,"226":2,"227":2,"228":2,"229":2,"230":1,"231":1,"232":1,"233":1,"234":1,"235":1,"236":1,"237":1,"238":6,"239":6,"240":6,"241":6,"242":6,"243":6,"244":6,"245":6,"246":6,"247":6,"248":6,"249":6,"250":6,"251":6,"252":3,"253":3,"254":2,"255":2,"256":2,"257":2,"258":1,"259":1,"260":2,"261":1,"262":1,"263":1,"264":5,"265":5,"266":5,"267":5,"268":5,"269":5,"270":5,"271":5,"272":3,"273":3,"274":3,"275":3,"276":1,"277":2,"278":1,"279":1,"280":1,"281":1,"282":1,"283":4,"284":4,"285":4,"286":4,"287":4,"288":4,"289":2,"290":4,"291":4,"292":4,"293":4,"294":4,"295":4,"296":4,"297":4,"298":4,"299":8,"300":8,"301":8,"302":8,"303":8,"304":8,"305":8,"306":8,"307":8,"308":8,"309":8,"310":8,"311":8,"312":1,"313":7,"314":7,"315":8,"316":1,"317":7,"318":7,"319":8,"320":8,"321":8,"322":8,"323":8,"324":3,"325":3,"326":3,"327":3,"328":3,"329":2,"330":2,"331":2,"332":2,"333":2,"334":2,"335":1,"336":1,"337":1,"338":3,"339":10,"340":10},"f":{"0":25,"1":4,"2":1,"3":1,"4":32,"5":2,"6":1,"7":2,"8":1,"9":4,"10":4,"11":3,"12":1,"13":2,"14":2,"15":1,"16":1,"17":1,"18":3,"19":1,"20":2,"21":2,"22":2,"23":2,"24":4,"25":1,"26":2,"27":1,"28":1,"29":1,"30":1,"31":1,"32":1,"33":2,"34":1,"35":2,"36":2,"37":1,"38":2,"39":6,"40":2,"41":5,"42":8,"43":8,"44":8,"45":7,"46":7,"47":3,"48":2},"b":{"0":[1],"1":[1],"2":[3,2],"3":[1],"4":[3,2],"5":[1],"6":[1,2,1,1,1,1,2,1,2,1,2,3,1,2,2,2,1,2,1,1,1],"7":[1],"8":[1],"9":[1],"10":[1],"11":[3],"12":[4,3],"13":[3,1],"14":[1,1],"15":[2,1],"16":[1,1],"17":[3],"18":[1],"19":[2],"20":[1,1],"21":[1],"22":[6],"23":[3,3],"24":[2,1],"25":[1],"26":[1],"27":[3],"28":[5,2],"29":[1,1],"30":[2],"31":[4,2],"32":[1,7],"33":[1,7],"34":[2,1],"35":[1]}}
,"/home/jhenriksen/src/flow-work/rewrite/cc-flow/src/main/task/branching-support/prompt-option-constants.ts": {"path":"/home/jhenriksen/src/flow-work/rewrite/cc-flow/src/main/task/branching-support/prompt-option-constants.ts","statementMap":{"0":{"start":{"line":2,"column":0},"end":{"line":2,"column":25}},"1":{"start":{"line":4,"column":30},"end":{"line":44,"column":2}},"2":{"start":{"line":46,"column":0},"end":{"line":46,"column":null}}},"fnMap":{},"branchMap":{},"s":{"0":10,"1":10,"2":10},"f":{},"b":{}}
,"/home/jhenriksen/src/flow-work/rewrite/cc-flow/src/main/task/branching-support/prompts.ts": {"path":"/home/jhenriksen/src/flow-work/rewrite/cc-flow/src/main/task/branching-support/prompts.ts","statementMap":{"0":{"start":{"line":2,"column":0},"end":{"line":2,"column":43}},"1":{"start":{"line":3,"column":0},"end":{"line":3,"column":34}},"2":{"start":{"line":4,"column":0},"end":{"line":4,"column":25}},"3":{"start":{"line":5,"column":0},"end":{"line":5,"column":27}},"4":{"start":{"line":8,"column":26},"end":{"line":98,"column":1}},"5":{"start":{"line":11,"column":18},"end":{"line":11,"column":47}},"6":{"start":{"line":12,"column":19},"end":{"line":12,"column":47}},"7":{"start":{"line":14,"column":16},"end":{"line":14,"column":18}},"8":{"start":{"line":15,"column":2},"end":{"line":94,"column":null}},"9":{"start":{"line":16,"column":4},"end":{"line":22,"column":null}},"10":{"start":{"line":24,"column":7},"end":{"line":94,"column":null}},"11":{"start":{"line":25,"column":4},"end":{"line":31,"column":null}},"12":{"start":{"line":33,"column":7},"end":{"line":94,"column":null}},"13":{"start":{"line":34,"column":4},"end":{"line":42,"column":null}},"14":{"start":{"line":44,"column":7},"end":{"line":94,"column":null}},"15":{"start":{"line":46,"column":4},"end":{"line":53,"column":null}},"16":{"start":{"line":54,"column":19},"end":{"line":54,"column":52}},"17":{"start":{"line":55,"column":4},"end":{"line":64,"column":null}},"18":{"start":{"line":56,"column":6},"end":{"line":56,"column":null}},"19":{"start":{"line":57,"column":6},"end":{"line":57,"column":null}},"20":{"start":{"line":59,"column":9},"end":{"line":64,"column":null}},"21":{"start":{"line":60,"column":6},"end":{"line":60,"column":null}},"22":{"start":{"line":62,"column":9},"end":{"line":64,"column":null}},"23":{"start":{"line":63,"column":6},"end":{"line":63,"column":null}},"24":{"start":{"line":67,"column":7},"end":{"line":94,"column":null}},"25":{"start":{"line":68,"column":4},"end":{"line":86,"column":null}},"26":{"start":{"line":69,"column":6},"end":{"line":76,"column":null}},"27":{"start":{"line":79,"column":6},"end":{"line":85,"column":null}},"28":{"start":{"line":89,"column":4},"end":{"line":93,"column":null}},"29":{"start":{"line":96,"column":2},"end":{"line":96,"column":null}},"30":{"start":{"line":100,"column":38},"end":{"line":164,"column":1}},"31":{"start":{"line":101,"column":18},"end":{"line":101,"column":47}},"32":{"start":{"line":103,"column":14},"end":{"line":103,"column":49}},"33":{"start":{"line":105,"column":24},"end":{"line":105,"column":192}},"34":{"start":{"line":106,"column":24},"end":{"line":106,"column":196}},"35":{"start":{"line":107,"column":24},"end":{"line":107,"column":173}},"36":{"start":{"line":108,"column":24},"end":{"line":108,"column":177}},"37":{"start":{"line":109,"column":24},"end":{"line":109,"column":184}},"38":{"start":{"line":110,"column":24},"end":{"line":110,"column":185}},"39":{"start":{"line":111,"column":24},"end":{"line":111,"column":71}},"40":{"start":{"line":113,"column":16},"end":{"line":113,"column":18}},"41":{"start":{"line":114,"column":2},"end":{"line":162,"column":null}},"42":{"start":{"line":115,"column":4},"end":{"line":119,"column":null}},"43":{"start":{"line":121,"column":7},"end":{"line":162,"column":null}},"44":{"start":{"line":122,"column":4},"end":{"line":127,"column":null}},"45":{"start":{"line":129,"column":7},"end":{"line":162,"column":null}},"46":{"start":{"line":130,"column":4},"end":{"line":136,"column":null}},"47":{"start":{"line":138,"column":7},"end":{"line":162,"column":null}},"48":{"start":{"line":139,"column":4},"end":{"line":142,"column":null}},"49":{"start":{"line":144,"column":7},"end":{"line":162,"column":null}},"50":{"start":{"line":145,"column":4},"end":{"line":152,"column":null}},"51":{"start":{"line":155,"column":4},"end":{"line":161,"column":null}},"52":{"start":{"line":163,"column":2},"end":{"line":163,"column":null}},"53":{"start":{"line":100,"column":13},"end":{"line":100,"column":38}},"54":{"start":{"line":166,"column":16},"end":{"line":267,"column":null}},"55":{"start":{"line":269,"column":0},"end":{"line":269,"column":null}}},"fnMap":{"0":{"name":"(anonymous_0)","decl":{"start":{"line":8,"column":26},"end":{"line":8,"column":29}},"loc":{"start":{"line":8,"column":31},"end":{"line":98,"column":1}}},"1":{"name":"(anonymous_1)","decl":{"start":{"line":100,"column":38},"end":{"line":100,"column":39}},"loc":{"start":{"line":100,"column":57},"end":{"line":164,"column":1}}}},"branchMap":{"0":{"loc":{"start":{"line":11,"column":18},"end":{"line":11,"column":47}},"type":"binary-expr","locations":[{"start":{"line":11,"column":18},"end":{"line":11,"column":35}},{"start":{"line":11,"column":39},"end":{"line":11,"column":47}}]},"1":{"loc":{"start":{"line":15,"column":2},"end":{"line":94,"column":null}},"type":"if","locations":[{"start":{"line":15,"column":2},"end":{"line":94,"column":null}},{"start":{"line":24,"column":7},"end":{"line":94,"column":null}}]},"2":{"loc":{"start":{"line":24,"column":7},"end":{"line":94,"column":null}},"type":"if","locations":[{"start":{"line":24,"column":7},"end":{"line":94,"column":null}},{"start":{"line":33,"column":7},"end":{"line":94,"column":null}}]},"3":{"loc":{"start":{"line":33,"column":7},"end":{"line":94,"column":null}},"type":"if","locations":[{"start":{"line":33,"column":7},"end":{"line":94,"column":null}},{"start":{"line":44,"column":7},"end":{"line":94,"column":null}}]},"4":{"loc":{"start":{"line":44,"column":7},"end":{"line":94,"column":null}},"type":"if","locations":[{"start":{"line":44,"column":7},"end":{"line":94,"column":null}},{"start":{"line":67,"column":7},"end":{"line":94,"column":null}}]},"5":{"loc":{"start":{"line":55,"column":4},"end":{"line":64,"column":null}},"type":"if","locations":[{"start":{"line":55,"column":4},"end":{"line":64,"column":null}},{"start":{"line":59,"column":9},"end":{"line":64,"column":null}}]},"6":{"loc":{"start":{"line":59,"column":9},"end":{"line":64,"column":null}},"type":"if","locations":[{"start":{"line":59,"column":9},"end":{"line":64,"column":null}},{"start":{"line":62,"column":9},"end":{"line":64,"column":null}}]},"7":{"loc":{"start":{"line":62,"column":9},"end":{"line":64,"column":null}},"type":"if","locations":[{"start":{"line":62,"column":9},"end":{"line":64,"column":null}}]},"8":{"loc":{"start":{"line":67,"column":7},"end":{"line":94,"column":null}},"type":"if","locations":[{"start":{"line":67,"column":7},"end":{"line":94,"column":null}},{"start":{"line":88,"column":7},"end":{"line":94,"column":null}}]},"9":{"loc":{"start":{"line":68,"column":4},"end":{"line":86,"column":null}},"type":"if","locations":[{"start":{"line":68,"column":4},"end":{"line":86,"column":null}},{"start":{"line":78,"column":8},"end":{"line":86,"column":null}}]},"10":{"loc":{"start":{"line":101,"column":18},"end":{"line":101,"column":47}},"type":"binary-expr","locations":[{"start":{"line":101,"column":18},"end":{"line":101,"column":35}},{"start":{"line":101,"column":39},"end":{"line":101,"column":47}}]},"11":{"loc":{"start":{"line":114,"column":2},"end":{"line":162,"column":null}},"type":"if","locations":[{"start":{"line":114,"column":2},"end":{"line":162,"column":null}},{"start":{"line":121,"column":7},"end":{"line":162,"column":null}}]},"12":{"loc":{"start":{"line":121,"column":7},"end":{"line":162,"column":null}},"type":"if","locations":[{"start":{"line":121,"column":7},"end":{"line":162,"column":null}},{"start":{"line":129,"column":7},"end":{"line":162,"column":null}}]},"13":{"loc":{"start":{"line":129,"column":7},"end":{"line":162,"column":null}},"type":"if","locations":[{"start":{"line":129,"column":7},"end":{"line":162,"column":null}},{"start":{"line":138,"column":7},"end":{"line":162,"column":null}}]},"14":{"loc":{"start":{"line":138,"column":7},"end":{"line":162,"column":null}},"type":"if","locations":[{"start":{"line":138,"column":7},"end":{"line":162,"column":null}},{"start":{"line":144,"column":7},"end":{"line":162,"column":null}}]},"15":{"loc":{"start":{"line":144,"column":7},"end":{"line":162,"column":null}},"type":"if","locations":[{"start":{"line":144,"column":7},"end":{"line":162,"column":null}},{"start":{"line":154,"column":7},"end":{"line":162,"column":null}}]}},"s":{"0":10,"1":10,"2":10,"3":10,"4":10,"5":17,"6":17,"7":17,"8":17,"9":3,"10":14,"11":1,"12":13,"13":1,"14":12,"15":9,"16":9,"17":9,"18":3,"19":3,"20":6,"21":2,"22":4,"23":2,"24":3,"25":2,"26":1,"27":1,"28":1,"29":17,"30":10,"31":11,"32":11,"33":11,"34":11,"35":11,"36":11,"37":11,"38":11,"39":11,"40":11,"41":11,"42":6,"43":5,"44":1,"45":4,"46":1,"47":3,"48":1,"49":2,"50":1,"51":1,"52":11,"53":10,"54":10,"55":10},"f":{"0":17,"1":11},"b":{"0":[17,2],"1":[3,14],"2":[1,13],"3":[1,12],"4":[9,3],"5":[3,6],"6":[2,4],"7":[2],"8":[2,1],"9":[1,1],"10":[11,1],"11":[6,5],"12":[1,4],"13":[1,3],"14":[1,2],"15":[1,1]}}
,"/home/jhenriksen/src/flow-work/rewrite/cc-flow/src/main/types/command-line-options.ts": {"path":"/home/jhenriksen/src/flow-work/rewrite/cc-flow/src/main/types/command-line-options.ts","statementMap":{"0":{"start":{"line":2,"column":0},"end":{"line":2,"column":33}},"1":{"start":{"line":6,"column":11},"end":{"line":6,"column":null}},"2":{"start":{"line":7,"column":11},"end":{"line":7,"column":null}},"3":{"start":{"line":8,"column":11},"end":{"line":8,"column":null}},"4":{"start":{"line":9,"column":11},"end":{"line":9,"column":null}},"5":{"start":{"line":10,"column":11},"end":{"line":10,"column":null}},"6":{"start":{"line":11,"column":11},"end":{"line":11,"column":null}},"7":{"start":{"line":12,"column":11},"end":{"line":12,"column":null}},"8":{"start":{"line":13,"column":11},"end":{"line":13,"column":null}},"9":{"start":{"line":14,"column":11},"end":{"line":14,"column":34}},"10":{"start":{"line":15,"column":11},"end":{"line":15,"column":null}},"11":{"start":{"line":17,"column":11},"end":{"line":17,"column":29}},"12":{"start":{"line":18,"column":11},"end":{"line":18,"column":31}},"13":{"start":{"line":22,"column":4},"end":{"line":22,"column":null}},"14":{"start":{"line":26,"column":4},"end":{"line":26,"column":null}},"15":{"start":{"line":30,"column":4},"end":{"line":30,"column":null}},"16":{"start":{"line":35,"column":0},"end":{"line":35,"column":null}}},"fnMap":{"0":{"name":"(anonymous_0)","decl":{"start":{"line":20,"column":2},"end":{"line":20,"column":15}},"loc":{"start":{"line":20,"column":53},"end":{"line":23,"column":3}}},"1":{"name":"(anonymous_1)","decl":{"start":{"line":25,"column":2},"end":{"line":25,"column":5}},"loc":{"start":{"line":25,"column":43},"end":{"line":27,"column":3}}},"2":{"name":"(anonymous_2)","decl":{"start":{"line":29,"column":2},"end":{"line":29,"column":7}},"loc":{"start":{"line":29,"column":45},"end":{"line":31,"column":3}}}},"branchMap":{"0":{"loc":{"start":{"line":20,"column":15},"end":{"line":20,"column":53}},"type":"default-arg","locations":[{"start":{"line":20,"column":51},"end":{"line":20,"column":53}}]},"1":{"loc":{"start":{"line":25,"column":6},"end":{"line":25,"column":43}},"type":"default-arg","locations":[{"start":{"line":25,"column":41},"end":{"line":25,"column":43}}]},"2":{"loc":{"start":{"line":29,"column":8},"end":{"line":29,"column":45}},"type":"default-arg","locations":[{"start":{"line":29,"column":43},"end":{"line":29,"column":45}}]}},"s":{"0":11,"1":42,"2":42,"3":42,"4":42,"5":42,"6":42,"7":42,"8":42,"9":42,"10":42,"11":42,"12":42,"13":42,"14":10,"15":19,"16":11},"f":{"0":42,"1":10,"2":19},"b":{"0":[1],"1":[1],"2":[1]}}
,"/home/jhenriksen/src/flow-work/rewrite/cc-flow/src/main/types/global-config.ts": {"path":"/home/jhenriksen/src/flow-work/rewrite/cc-flow/src/main/types/global-config.ts","statementMap":{"0":{"start":{"line":6,"column":0},"end":{"line":6,"column":null}},"1":{"start":{"line":7,"column":2},"end":{"line":7,"column":null}},"2":{"start":{"line":8,"column":2},"end":{"line":8,"column":null}},"3":{"start":{"line":9,"column":2},"end":{"line":9,"column":null}},"4":{"start":{"line":12,"column":2},"end":{"line":12,"column":null}},"5":{"start":{"line":13,"column":2},"end":{"line":13,"column":null}},"6":{"start":{"line":14,"column":2},"end":{"line":14,"column":null}},"7":{"start":{"line":15,"column":2},"end":{"line":15,"column":null}},"8":{"start":{"line":16,"column":2},"end":{"line":16,"column":null}},"9":{"start":{"line":17,"column":2},"end":{"line":17,"column":null}},"10":{"start":{"line":21,"column":4},"end":{"line":21,"column":null}},"11":{"start":{"line":25,"column":4},"end":{"line":25,"column":null}},"12":{"start":{"line":29,"column":4},"end":{"line":29,"column":null}},"13":{"start":{"line":34,"column":0},"end":{"line":34,"column":null}}},"fnMap":{"0":{"name":"(anonymous_0)","decl":{"start":{"line":6,"column":0},"end":{"line":6,"column":12}},"loc":{"start":{"line":6,"column":20},"end":{"line":10,"column":1}}},"1":{"name":"(anonymous_1)","decl":{"start":{"line":19,"column":2},"end":{"line":19,"column":15}},"loc":{"start":{"line":19,"column":47},"end":{"line":22,"column":3}}},"2":{"name":"(anonymous_2)","decl":{"start":{"line":24,"column":2},"end":{"line":24,"column":5}},"loc":{"start":{"line":24,"column":37},"end":{"line":26,"column":3}}},"3":{"name":"(anonymous_3)","decl":{"start":{"line":28,"column":2},"end":{"line":28,"column":7}},"loc":{"start":{"line":28,"column":39},"end":{"line":30,"column":3}}}},"branchMap":{"0":{"loc":{"start":{"line":6,"column":12},"end":{"line":6,"column":null}},"type":"binary-expr","locations":[{"start":{"line":6,"column":12},"end":{"line":6,"column":20}},{"start":{"line":6,"column":12},"end":{"line":6,"column":null}}]},"1":{"loc":{"start":{"line":19,"column":15},"end":{"line":19,"column":47}},"type":"default-arg","locations":[{"start":{"line":19,"column":45},"end":{"line":19,"column":47}}]},"2":{"loc":{"start":{"line":24,"column":6},"end":{"line":24,"column":37}},"type":"default-arg","locations":[{"start":{"line":24,"column":35},"end":{"line":24,"column":37}}]},"3":{"loc":{"start":{"line":28,"column":8},"end":{"line":28,"column":39}},"type":"default-arg","locations":[{"start":{"line":28,"column":37},"end":{"line":28,"column":39}}]}},"s":{"0":11,"1":11,"2":11,"3":11,"4":38,"5":38,"6":38,"7":38,"8":38,"9":38,"10":38,"11":2,"12":17,"13":11},"f":{"0":11,"1":38,"2":2,"3":17},"b":{"0":[11,11],"1":[1],"2":[1],"3":[1]}}
,"/home/jhenriksen/src/flow-work/rewrite/cc-flow/src/main/types/runtime-state.ts": {"path":"/home/jhenriksen/src/flow-work/rewrite/cc-flow/src/main/types/runtime-state.ts","statementMap":{"0":{"start":{"line":12,"column":2},"end":{"line":12,"column":null}},"1":{"start":{"line":13,"column":2},"end":{"line":13,"column":null}},"2":{"start":{"line":14,"column":2},"end":{"line":14,"column":null}},"3":{"start":{"line":15,"column":2},"end":{"line":15,"column":null}},"4":{"start":{"line":16,"column":2},"end":{"line":16,"column":null}},"5":{"start":{"line":18,"column":2},"end":{"line":18,"column":null}},"6":{"start":{"line":19,"column":2},"end":{"line":19,"column":null}},"7":{"start":{"line":21,"column":2},"end":{"line":21,"column":null}},"8":{"start":{"line":23,"column":2},"end":{"line":23,"column":null}},"9":{"start":{"line":27,"column":2},"end":{"line":27,"column":null}},"10":{"start":{"line":28,"column":2},"end":{"line":28,"column":null}},"11":{"start":{"line":29,"column":2},"end":{"line":29,"column":null}},"12":{"start":{"line":30,"column":2},"end":{"line":30,"column":null}},"13":{"start":{"line":31,"column":2},"end":{"line":31,"column":null}},"14":{"start":{"line":33,"column":2},"end":{"line":33,"column":null}},"15":{"start":{"line":34,"column":2},"end":{"line":34,"column":null}},"16":{"start":{"line":35,"column":2},"end":{"line":35,"column":null}},"17":{"start":{"line":37,"column":2},"end":{"line":37,"column":null}},"18":{"start":{"line":38,"column":2},"end":{"line":38,"column":null}},"19":{"start":{"line":39,"column":2},"end":{"line":39,"column":null}},"20":{"start":{"line":40,"column":2},"end":{"line":40,"column":null}},"21":{"start":{"line":42,"column":2},"end":{"line":42,"column":null}},"22":{"start":{"line":43,"column":2},"end":{"line":43,"column":null}},"23":{"start":{"line":44,"column":2},"end":{"line":44,"column":null}},"24":{"start":{"line":45,"column":2},"end":{"line":45,"column":null}},"25":{"start":{"line":47,"column":2},"end":{"line":47,"column":null}},"26":{"start":{"line":50,"column":2},"end":{"line":50,"column":null}},"27":{"start":{"line":51,"column":2},"end":{"line":51,"column":null}},"28":{"start":{"line":52,"column":2},"end":{"line":52,"column":null}},"29":{"start":{"line":54,"column":2},"end":{"line":54,"column":null}},"30":{"start":{"line":55,"column":2},"end":{"line":55,"column":null}},"31":{"start":{"line":56,"column":2},"end":{"line":56,"column":null}},"32":{"start":{"line":57,"column":2},"end":{"line":57,"column":null}},"33":{"start":{"line":59,"column":2},"end":{"line":59,"column":null}},"34":{"start":{"line":62,"column":2},"end":{"line":62,"column":null}},"35":{"start":{"line":63,"column":2},"end":{"line":63,"column":null}},"36":{"start":{"line":64,"column":2},"end":{"line":64,"column":24}},"37":{"start":{"line":65,"column":2},"end":{"line":65,"column":22}},"38":{"start":{"line":66,"column":2},"end":{"line":66,"column":null}},"39":{"start":{"line":67,"column":2},"end":{"line":67,"column":null}},"40":{"start":{"line":68,"column":2},"end":{"line":68,"column":null}},"41":{"start":{"line":69,"column":2},"end":{"line":69,"column":null}},"42":{"start":{"line":70,"column":2},"end":{"line":70,"column":null}},"43":{"start":{"line":73,"column":2},"end":{"line":73,"column":null}},"44":{"start":{"line":74,"column":2},"end":{"line":74,"column":null}},"45":{"start":{"line":75,"column":2},"end":{"line":75,"column":null}},"46":{"start":{"line":77,"column":2},"end":{"line":77,"column":null}},"47":{"start":{"line":78,"column":2},"end":{"line":78,"column":null}},"48":{"start":{"line":79,"column":2},"end":{"line":79,"column":null}},"49":{"start":{"line":83,"column":4},"end":{"line":83,"column":null}},"50":{"start":{"line":87,"column":4},"end":{"line":87,"column":null}},"51":{"start":{"line":91,"column":4},"end":{"line":91,"column":null}},"52":{"start":{"line":95,"column":0},"end":{"line":95,"column":null}}},"fnMap":{"0":{"name":"(anonymous_0)","decl":{"start":{"line":81,"column":2},"end":{"line":81,"column":15}},"loc":{"start":{"line":81,"column":47},"end":{"line":84,"column":3}}},"1":{"name":"(anonymous_1)","decl":{"start":{"line":86,"column":2},"end":{"line":86,"column":5}},"loc":{"start":{"line":86,"column":37},"end":{"line":88,"column":3}}},"2":{"name":"(anonymous_2)","decl":{"start":{"line":90,"column":2},"end":{"line":90,"column":7}},"loc":{"start":{"line":90,"column":39},"end":{"line":92,"column":3}}}},"branchMap":{"0":{"loc":{"start":{"line":81,"column":15},"end":{"line":81,"column":47}},"type":"default-arg","locations":[{"start":{"line":81,"column":45},"end":{"line":81,"column":47}}]},"1":{"loc":{"start":{"line":86,"column":6},"end":{"line":86,"column":37}},"type":"default-arg","locations":[{"start":{"line":86,"column":35},"end":{"line":86,"column":37}}]},"2":{"loc":{"start":{"line":90,"column":8},"end":{"line":90,"column":39}},"type":"default-arg","locations":[{"start":{"line":90,"column":37},"end":{"line":90,"column":39}}]}},"s":{"0":25,"1":25,"2":25,"3":25,"4":25,"5":25,"6":25,"7":25,"8":25,"9":25,"10":25,"11":25,"12":25,"13":25,"14":25,"15":25,"16":25,"17":25,"18":25,"19":25,"20":25,"21":25,"22":25,"23":25,"24":25,"25":25,"26":25,"27":25,"28":25,"29":25,"30":25,"31":25,"32":25,"33":25,"34":25,"35":25,"36":25,"37":25,"38":25,"39":25,"40":25,"41":25,"42":25,"43":25,"44":25,"45":25,"46":25,"47":25,"48":25,"49":25,"50":38,"51":4,"52":11},"f":{"0":25,"1":38,"2":4},"b":{"0":[1],"1":[1],"2":[1]}}
,"/home/jhenriksen/src/flow-work/rewrite/cc-flow/src/main/util/toolbox.ts": {"path":"/home/jhenriksen/src/flow-work/rewrite/cc-flow/src/main/util/toolbox.ts","statementMap":{"0":{"start":{"line":2,"column":0},"end":{"line":2,"column":35}},"1":{"start":{"line":3,"column":0},"end":{"line":3,"column":33}},"2":{"start":{"line":4,"column":0},"end":{"line":4,"column":37}},"3":{"start":{"line":5,"column":0},"end":{"line":5,"column":31}},"4":{"start":{"line":7,"column":0},"end":{"line":7,"column":53}},"5":{"start":{"line":9,"column":0},"end":{"line":9,"column":62}},"6":{"start":{"line":10,"column":0},"end":{"line":10,"column":49}},"7":{"start":{"line":11,"column":0},"end":{"line":11,"column":49}},"8":{"start":{"line":13,"column":0},"end":{"line":13,"column":45}},"9":{"start":{"line":14,"column":0},"end":{"line":14,"column":29}},"10":{"start":{"line":22,"column":11},"end":{"line":22,"column":null}},"11":{"start":{"line":23,"column":11},"end":{"line":23,"column":null}},"12":{"start":{"line":24,"column":11},"end":{"line":24,"column":null}},"13":{"start":{"line":32,"column":2},"end":{"line":32,"column":null}},"14":{"start":{"line":36,"column":4},"end":{"line":36,"column":null}},"15":{"start":{"line":37,"column":4},"end":{"line":37,"column":null}},"16":{"start":{"line":41,"column":4},"end":{"line":41,"column":null}},"17":{"start":{"line":42,"column":4},"end":{"line":42,"column":null}},"18":{"start":{"line":43,"column":4},"end":{"line":43,"column":null}},"19":{"start":{"line":44,"column":4},"end":{"line":44,"column":null}},"20":{"start":{"line":45,"column":4},"end":{"line":45,"column":null}},"21":{"start":{"line":52,"column":4},"end":{"line":52,"column":null}},"22":{"start":{"line":55,"column":4},"end":{"line":55,"column":null}},"23":{"start":{"line":59,"column":4},"end":{"line":59,"column":null}},"24":{"start":{"line":62,"column":4},"end":{"line":62,"column":null}},"25":{"start":{"line":67,"column":4},"end":{"line":67,"column":null}},"26":{"start":{"line":68,"column":4},"end":{"line":70,"column":null}},"27":{"start":{"line":69,"column":6},"end":{"line":69,"column":null}},"28":{"start":{"line":71,"column":20},"end":{"line":71,"column":58}},"29":{"start":{"line":74,"column":22},"end":{"line":74,"column":80}},"30":{"start":{"line":77,"column":4},"end":{"line":77,"column":82}},"31":{"start":{"line":82,"column":17},"end":{"line":82,"column":56}},"32":{"start":{"line":83,"column":4},"end":{"line":83,"column":71}},"33":{"start":{"line":20,"column":0},"end":{"line":20,"column":13}},"34":{"start":{"line":88,"column":11},"end":{"line":88,"column":29}},"35":{"start":{"line":90,"column":0},"end":{"line":90,"column":null}}},"fnMap":{"0":{"name":"(anonymous_0)","decl":{"start":{"line":34,"column":2},"end":{"line":34,"column":15}},"loc":{"start":{"line":34,"column":87},"end":{"line":48,"column":3}}},"1":{"name":"(anonymous_1)","decl":{"start":{"line":51,"column":2},"end":{"line":51,"column":14}},"loc":{"start":{"line":51,"column":51},"end":{"line":53,"column":3}}},"2":{"name":"(anonymous_2)","decl":{"start":{"line":54,"column":2},"end":{"line":54,"column":12}},"loc":{"start":{"line":54,"column":43},"end":{"line":56,"column":3}}},"3":{"name":"(anonymous_3)","decl":{"start":{"line":58,"column":2},"end":{"line":58,"column":12}},"loc":{"start":{"line":58,"column":46},"end":{"line":60,"column":3}}},"4":{"name":"(anonymous_4)","decl":{"start":{"line":61,"column":2},"end":{"line":61,"column":10}},"loc":{"start":{"line":61,"column":38},"end":{"line":63,"column":3}}},"5":{"name":"(anonymous_5)","decl":{"start":{"line":65,"column":2},"end":{"line":65,"column":7}},"loc":{"start":{"line":65,"column":43},"end":{"line":79,"column":3}}},"6":{"name":"(anonymous_6)","decl":{"start":{"line":81,"column":2},"end":{"line":81,"column":7}},"loc":{"start":{"line":81,"column":41},"end":{"line":84,"column":3}}}},"branchMap":{"0":{"loc":{"start":{"line":34,"column":15},"end":{"line":34,"column":48}},"type":"default-arg","locations":[{"start":{"line":34,"column":46},"end":{"line":34,"column":48}}]},"1":{"loc":{"start":{"line":34,"column":49},"end":{"line":34,"column":87}},"type":"default-arg","locations":[{"start":{"line":34,"column":85},"end":{"line":34,"column":87}}]},"2":{"loc":{"start":{"line":51,"column":15},"end":{"line":51,"column":51}},"type":"default-arg","locations":[{"start":{"line":51,"column":49},"end":{"line":51,"column":51}}]},"3":{"loc":{"start":{"line":54,"column":13},"end":{"line":54,"column":43}},"type":"default-arg","locations":[{"start":{"line":54,"column":41},"end":{"line":54,"column":43}}]},"4":{"loc":{"start":{"line":68,"column":4},"end":{"line":70,"column":null}},"type":"if","locations":[{"start":{"line":68,"column":4},"end":{"line":70,"column":null}}]},"5":{"loc":{"start":{"line":74,"column":22},"end":{"line":74,"column":80}},"type":"cond-expr","locations":[{"start":{"line":74,"column":57},"end":{"line":74,"column":73}},{"start":{"line":74,"column":76},"end":{"line":74,"column":80}}]},"6":{"loc":{"start":{"line":77,"column":11},"end":{"line":77,"column":81}},"type":"cond-expr","locations":[{"start":{"line":77,"column":38},"end":{"line":77,"column":73}},{"start":{"line":77,"column":76},"end":{"line":77,"column":81}}]},"7":{"loc":{"start":{"line":77,"column":11},"end":{"line":77,"column":35}},"type":"binary-expr","locations":[{"start":{"line":77,"column":11},"end":{"line":77,"column":20}},{"start":{"line":77,"column":24},"end":{"line":77,"column":35}}]},"8":{"loc":{"start":{"line":83,"column":11},"end":{"line":83,"column":70}},"type":"cond-expr","locations":[{"start":{"line":83,"column":23},"end":{"line":83,"column":48}},{"start":{"line":83,"column":51},"end":{"line":83,"column":70}}]}},"s":{"0":10,"1":10,"2":10,"3":10,"4":10,"5":10,"6":10,"7":10,"8":10,"9":10,"10":15,"11":15,"12":15,"13":15,"14":15,"15":15,"16":15,"17":15,"18":15,"19":15,"20":15,"21":2,"22":2,"23":8,"24":36,"25":68,"26":68,"27":2,"28":68,"29":68,"30":68,"31":66,"32":66,"33":10,"34":10,"35":10},"f":{"0":15,"1":2,"2":2,"3":8,"4":36,"5":68,"6":66},"b":{"0":[11],"1":[11],"2":[1],"3":[1],"4":[2],"5":[39,29],"6":[66,2],"7":[68,66],"8":[1,65]}}
,"/home/jhenriksen/src/flow-work/rewrite/cc-flow/src/main/util/tools/errors.ts": {"path":"/home/jhenriksen/src/flow-work/rewrite/cc-flow/src/main/util/tools/errors.ts","statementMap":{"0":{"start":{"line":1,"column":0},"end":{"line":1,"column":24}},"1":{"start":{"line":5,"column":4},"end":{"line":5,"column":19}},"2":{"start":{"line":6,"column":4},"end":{"line":6,"column":52}},"3":{"start":{"line":3,"column":0},"end":{"line":3,"column":13}},"4":{"start":{"line":10,"column":0},"end":{"line":10,"column":13}},"5":{"start":{"line":12,"column":0},"end":{"line":12,"column":13}},"6":{"start":{"line":14,"column":0},"end":{"line":14,"column":13}},"7":{"start":{"line":18,"column":4},"end":{"line":18,"column":46}},"8":{"start":{"line":16,"column":0},"end":{"line":16,"column":13}},"9":{"start":{"line":24,"column":4},"end":{"line":24,"column":55}},"10":{"start":{"line":22,"column":0},"end":{"line":22,"column":13}},"11":{"start":{"line":30,"column":4},"end":{"line":30,"column":85}},"12":{"start":{"line":28,"column":0},"end":{"line":28,"column":13}},"13":{"start":{"line":36,"column":4},"end":{"line":36,"column":51}},"14":{"start":{"line":34,"column":0},"end":{"line":34,"column":13}},"15":{"start":{"line":42,"column":4},"end":{"line":49,"column":6}},"16":{"start":{"line":40,"column":0},"end":{"line":40,"column":13}},"17":{"start":{"line":55,"column":4},"end":{"line":62,"column":6}},"18":{"start":{"line":53,"column":0},"end":{"line":53,"column":13}},"19":{"start":{"line":68,"column":4},"end":{"line":68,"column":56}},"20":{"start":{"line":66,"column":0},"end":{"line":66,"column":13}},"21":{"start":{"line":74,"column":4},"end":{"line":74,"column":67}},"22":{"start":{"line":72,"column":0},"end":{"line":72,"column":13}},"23":{"start":{"line":81,"column":4},"end":{"line":85,"column":6}},"24":{"start":{"line":79,"column":0},"end":{"line":79,"column":13}}},"fnMap":{"0":{"name":"(anonymous_0)","decl":{"start":{"line":4,"column":2},"end":{"line":4,"column":14}},"loc":{"start":{"line":4,"column":21},"end":{"line":7,"column":3}}},"1":{"name":"(anonymous_1)","decl":{"start":{"line":17,"column":2},"end":{"line":17,"column":null}},"loc":{"start":{"line":17,"column":2},"end":{"line":19,"column":3}}},"2":{"name":"(anonymous_2)","decl":{"start":{"line":23,"column":2},"end":{"line":23,"column":14}},"loc":{"start":{"line":23,"column":22},"end":{"line":25,"column":3}}},"3":{"name":"(anonymous_3)","decl":{"start":{"line":29,"column":2},"end":{"line":29,"column":null}},"loc":{"start":{"line":29,"column":2},"end":{"line":31,"column":3}}},"4":{"name":"(anonymous_4)","decl":{"start":{"line":35,"column":2},"end":{"line":35,"column":14}},"loc":{"start":{"line":35,"column":30},"end":{"line":37,"column":3}}},"5":{"name":"(anonymous_5)","decl":{"start":{"line":41,"column":2},"end":{"line":41,"column":null}},"loc":{"start":{"line":41,"column":2},"end":{"line":50,"column":3}}},"6":{"name":"(anonymous_6)","decl":{"start":{"line":54,"column":2},"end":{"line":54,"column":null}},"loc":{"start":{"line":54,"column":2},"end":{"line":63,"column":3}}},"7":{"name":"(anonymous_7)","decl":{"start":{"line":67,"column":2},"end":{"line":67,"column":null}},"loc":{"start":{"line":67,"column":2},"end":{"line":69,"column":3}}},"8":{"name":"(anonymous_8)","decl":{"start":{"line":73,"column":2},"end":{"line":73,"column":14}},"loc":{"start":{"line":73,"column":28},"end":{"line":75,"column":3}}},"9":{"name":"(anonymous_9)","decl":{"start":{"line":80,"column":2},"end":{"line":80,"column":14}},"loc":{"start":{"line":80,"column":28},"end":{"line":86,"column":3}}}},"branchMap":{},"s":{"0":11,"1":18,"2":18,"3":11,"4":11,"5":11,"6":11,"7":1,"8":11,"9":1,"10":11,"11":1,"12":11,"13":2,"14":11,"15":2,"16":11,"17":2,"18":11,"19":1,"20":11,"21":2,"22":11,"23":1,"24":11},"f":{"0":18,"1":1,"2":1,"3":1,"4":2,"5":2,"6":2,"7":1,"8":2,"9":1},"b":{}}
,"/home/jhenriksen/src/flow-work/rewrite/cc-flow/src/main/util/tools/git.ts": {"path":"/home/jhenriksen/src/flow-work/rewrite/cc-flow/src/main/util/tools/git.ts","statementMap":{"0":{"start":{"line":2,"column":0},"end":{"line":2,"column":22}},"1":{"start":{"line":4,"column":0},"end":{"line":4,"column":null}},"2":{"start":{"line":14,"column":0},"end":{"line":14,"column":26}},"3":{"start":{"line":17,"column":26},"end":{"line":17,"column":63}},"4":{"start":{"line":19,"column":13},"end":{"line":43,"column":2}},"5":{"start":{"line":47,"column":13},"end":{"line":47,"column":30}},"6":{"start":{"line":48,"column":26},"end":{"line":48,"column":33}},"7":{"start":{"line":49,"column":16},"end":{"line":49,"column":32}},"8":{"start":{"line":55,"column":2},"end":{"line":55,"column":null}},"9":{"start":{"line":56,"column":2},"end":{"line":56,"column":null}},"10":{"start":{"line":62,"column":4},"end":{"line":62,"column":null}},"11":{"start":{"line":64,"column":4},"end":{"line":64,"column":23}},"12":{"start":{"line":66,"column":4},"end":{"line":68,"column":null}},"13":{"start":{"line":67,"column":6},"end":{"line":67,"column":67}},"14":{"start":{"line":69,"column":4},"end":{"line":71,"column":null}},"15":{"start":{"line":70,"column":6},"end":{"line":70,"column":42}},"16":{"start":{"line":72,"column":4},"end":{"line":74,"column":null}},"17":{"start":{"line":73,"column":6},"end":{"line":73,"column":35}},"18":{"start":{"line":76,"column":20},"end":{"line":76,"column":49}},"19":{"start":{"line":77,"column":4},"end":{"line":79,"column":7}},"20":{"start":{"line":80,"column":4},"end":{"line":80,"column":null}},"21":{"start":{"line":85,"column":19},"end":{"line":85,"column":48}},"22":{"start":{"line":86,"column":4},"end":{"line":95,"column":null}},"23":{"start":{"line":87,"column":6},"end":{"line":94,"column":null}},"24":{"start":{"line":88,"column":8},"end":{"line":88,"column":null}},"25":{"start":{"line":89,"column":8},"end":{"line":89,"column":null}},"26":{"start":{"line":92,"column":33},"end":{"line":92,"column":72}},"27":{"start":{"line":93,"column":8},"end":{"line":93,"column":null}},"28":{"start":{"line":96,"column":4},"end":{"line":96,"column":null}},"29":{"start":{"line":100,"column":16},"end":{"line":100,"column":66}},"30":{"start":{"line":101,"column":19},"end":{"line":102,"column":null}},"31":{"start":{"line":102,"column":12},"end":{"line":102,"column":16}},"32":{"start":{"line":104,"column":4},"end":{"line":104,"column":27}},"33":{"start":{"line":117,"column":4},"end":{"line":123,"column":null}},"34":{"start":{"line":118,"column":6},"end":{"line":118
[...]
,"/home/jhenriksen/src/flow-work/rewrite/cc-flow/src/main/util/tools/spinner.ts": {"path":"/home/jhenriksen/src/flow-work/rewrite/cc-flow/src/main/util/tools/spinner.ts","statementMap":{"0":{"start":{"line":3,"column":0},"end":{"line":3,"column":26}},"1":{"start":{"line":5,"column":0},"end":{"line":5,"column":30}},"2":{"start":{"line":7,"column":13},"end":{"line":7,"column":30}},"3":{"start":{"line":15,"column":4},"end":{"line":15,"column":null}},"4":{"start":{"line":16,"column":4},"end":{"line":16,"column":null}},"5":{"start":{"line":20,"column":4},"end":{"line":20,"column":44}},"6":{"start":{"line":20,"column":32},"end":{"line":20,"column":44}},"7":{"start":{"line":21,"column":22},"end":{"line":21,"column":49}},"8":{"start":{"line":22,"column":4},"end":{"line":31,"column":null}},"9":{"start":{"line":23,"column":19},"end":{"line":23,"column":62}},"10":{"start":{"line":25,"column":6},"end":{"line":27,"column":null}},"11":{"start":{"line":30,"column":6},"end":{"line":30,"column":23}},"12":{"start":{"line":35,"column":0},"end":{"line":35,"column":null}}},"fnMap":{"0":{"name":"(anonymous_0)","decl":{"start":{"line":14,"column":2},"end":{"line":14,"column":14}},"loc":{"start":{"line":14,"column":40},"end":{"line":17,"column":3}}},"1":{"name":"(anonymous_1)","decl":{"start":{"line":19,"column":2},"end":{"line":19,"column":7}},"loc":{"start":{"line":19,"column":41},"end":{"line":32,"column":3}}}},"branchMap":{"0":{"loc":{"start":{"line":15,"column":29},"end":{"line":15,"column":82}},"type":"binary-expr","locations":[{"start":{"line":15,"column":29},"end":{"line":15,"column":41}},{"start":{"line":15,"column":45},"end":{"line":15,"column":62}},{"start":{"line":15,"column":66},"end":{"line":15,"column":82}}]},"1":{"loc":{"start":{"line":16,"column":20},"end":{"line":16,"column":76}},"type":"binary-expr","locations":[{"start":{"line":16,"column":20},"end":{"line":16,"column":33}},{"start":{"line":16,"column":37},"end":{"line":16,"column":55}},{"start":{"line":16,"column":59},"end":{"line":16,"column":76}}]},"2":{"loc":{"start":{"line":20,"column":4},"end":{"line":20,"column":44}},"type":"if","locations":[{"start":{"line":20,"column":4},"end":{"line":20,"column":44}}]},"3":{"loc":{"start":{"line":22,"column":4},"end":{"line":31,"column":null}},"type":"if","locations":[{"start":{"line":22,"column":4},"end":{"line":31,"column":null}},{"start":{"line":29,"column":8},"end":{"line":31,"column":null}}]},"4":{"loc":{"start":{"line":22,"column":8},"end":{"line":22,"column":48}},"type":"binary-expr","locations":[{"start":{"line":22,"column":8},"end":{"line":22,"column":31}},{"start":{"line":22,"column":35},"end":{"line":22,"column":48}}]}},"s":{"0":10,"1":10,"2":10,"3":15,"4":15,"5":22,"6":1,"7":21,"8":21,"9":20,"10":20,"11":1,"12":10},"f":{"0":15,"1":22},"b":{"0":[15,15,15],"1":[15,15,15],"2":[1],"3":[20,1],"4":[21,2]}}
,"/home/jhenriksen/src/flow-work/rewrite/cc-flow/src/main/util/tools/util.ts": {"path":"/home/jhenriksen/src/flow-work/rewrite/cc-flow/src/main/util/tools/util.ts","statementMap":{"0":{"start":{"line":1,"column":0},"end":{"line":1,"column":19}},"1":{"start":{"line":2,"column":0},"end":{"line":2,"column":28}},"2":{"start":{"line":3,"column":0},"end":{"line":3,"column":24}},"3":{"start":{"line":4,"column":0},"end":{"line":4,"column":40}},"4":{"start":{"line":5,"column":0},"end":{"line":5,"column":28}},"5":{"start":{"line":6,"column":0},"end":{"line":6,"column":29}},"6":{"start":{"line":7,"column":0},"end":{"line":7,"column":26}},"7":{"start":{"line":8,"column":0},"end":{"line":8,"column":25}},"8":{"start":{"line":17,"column":4},"end":{"line":21,"column":null}},"9":{"start":{"line":25,"column":4},"end":{"line":25,"column":43}},"10":{"start":{"line":25,"column":30},"end":{"line":25,"column":41}},"11":{"start":{"line":29,"column":16},"end":{"line":29,"column":21}},"12":{"start":{"line":30,"column":4},"end":{"line":36,"column":null}},"13":{"start":{"line":31,"column":6},"end":{"line":31,"column":44}},"14":{"start":{"line":33,"column":6},"end":{"line":33,"column":100}},"15":{"start":{"line":34,"column":6},"end":{"line":34,"column":23}},"16":{"start":{"line":35,"column":6},"end":{"line":35,"column":18}},"17":{"start":{"line":40,"column":4},"end":{"line":40,"column":118}},"18":{"start":{"line":40,"column":20},"end":{"line":40,"column":118}},"19":{"start":{"line":41,"column":26},"end":{"line":41,"column":55}},"20":{"start":{"line":42,"column":22},"end":{"line":42,"column":48}},"21":{"start":{"line":43,"column":70},"end":{"line":43,"column":79}},"22":{"start":{"line":44,"column":18},"end":{"line":44,"column":93}},"23":{"start":{"line":45,"column":23},"end":{"line":45,"column":44}},"24":{"start":{"line":46,"column":4},"end":{"line":46,"column":66}},"25":{"start":{"line":50,"column":4},"end":{"line":55,"column":null}},"26":{"start":{"line":51,"column":6},"end":{"line":51,"column":26}},"27":{"start":{"line":52,"column":6},"end":{"line":52,"column":18}},"28":{"start":{"line":54,"column":6},"end":{"line":54,"column":19}},"29":{"start":{"line":60,"column":19},"end":{"line":60,"column":55}},"30":{"start":{"line":61,"column":19},"end":{"line":61,"column":37}},"31":{"start":{"line":62,"column":4},"end":{"line":62,"column":null}},"32":{"start":{"line":66,"column":19},"end":{"line":66,"column":55}},"33":{"start":{"line":67,"column":19},"end":{"line":67,"column":37}},"34":{"start":{"line":68,"column":4},"end":{"line":68,"column":null}},"35":{"start":{"line":72,"column":19},"end":{"line":72,"column":55}},"36":{"start":{"line":73,"column":19},"end":{"line":73,"column":37}},"37":{"start":{"line":74,"column":4},"end":{"line":74,"column":null}},"38":{"start":{"line":75,"column":4},"end":{"line":80,"column":null}},"39":{"start":{"line":76,"column":6},"end":{"line":76,"column":null}},"40":{"start":{"line":79,"column":6},"end":{"line":79,"column":null}},"41":{"start":{"line":81,"column":4},"end":{"line":81,"column":null}},"42":{"start":{"line":83,"column":19},"end":{"line":83,"column":60}},"43":{"start":{"line":84,"column":19},"end":{"line":84,"column":37}},"44":{"start":{"line":85,"column":4},"end":{"line":85,"column":null}},"45":{"start":{"line":86,"column":4},"end":{"line":86,"column":null}},"46":{"start":{"line":91,"column":19},"end":{"line":91,"column":55}},"47":{"start":{"line":92,"column":19},"end":{"line":92,"column":37}},"48":{"start":{"line":93,"column":4},"end":{"line":93,"column":null}},"49":{"start":{"line":94,"column":4},"end":{"line":94,"column":null}},"50":{"start":{"line":99,"column":19},"end":{"line":99,"column":55}},"51":{"start":{"line":100,"column":19},"end":{"line":100,"column":37}},"52":{"start":{"line":101,"column":4},"end":{"line":101,"column":null}},"53":{"start":{"line":105,"column":19},"end":{"line":105,"column":55}},"54":{"start":{"line":106,"column":19},"end":{"line":106,"column":37}},"55":{"start":{"line":107,"column":4},"end":{"line":107,"column":null}},"56":{"start":{"line":108,"column":4},"end":{"line":108,"column":null}},"57":{"start":{"line":117,"column":17},"end":{"line":127,"column":8}},"58":{"start":{"line":118,"column":6},"end":{"line":127,"column":8}},"59":{"start":{"line":122,"column":8},"end":{"line":126,"column":null}},"60":{"start":{"line":123,"column":10},"end":{"line":123,"column":94}},"61":{"start":{"line":125,"column":10},"end":{"line":125,"column":23}},"62":{"start":{"line":128,"column":4},"end":{"line":128,"column":58}},"63":{"start":{"line":132,"column":4},"end":{"line":132,"column":80}},"64":{"start":{"line":132,"column":14},"end":{"line":132,"column":80}},"65":{"start":{"line":133,"column":27},"end":{"line":133,"column":71}},"66":{"start":{"line":134,"column":19},"end":{"line":134,"column":40}},"67":{"start":{"line":135,"column":4},"end":{"line":138,"column":null}},"68":{"start":{"line":136,"column":6},"end":{"line":136,"column":null}},"69":{"start":{"line":137,"column":6},"end":{"line":137,"column":null}},"70":{"start":{"line":139,"column":25},"end":{"line":139,"column":53}},"71":{"start":{"line":140,"column":25},"end":{"line":140,"column":98}},"72":{"start":{"line":141,"column":4},"end":{"line":145,"column":6}},"73":{"start":{"line":150,"column":4},"end":{"line":152,"column":null}},"74":{"start":{"line":151,"column":8},"end":{"line":151,"column":56}},"75":{"start":{"line":153,"column":4},"end":{"line":153,"column":18}},"76":{"start":{"line":158,"column":17},"end":{"line":158,"column":19}},"77":{"start":{"line":159,"column":4},"end":{"line":165,"column":null}},"78":{"start":{"line":160,"column":6},"end":{"line":160,"column":null}},"79":{"start":{"line":163,"column":6},"end":{"line":163,"column":null}},"80":{"start":{"line":164,"column":6},"end":{"line":164,"column":null}},"81":{"start":{"line":166,"column":4},"end":{"line":166,"column":null}},"82":{"start":{"line":171,"column":4},"end":{"line":181,"column":null}},"83":{"start":{"line":172,"column":6},"end":{"line":177,"column":null}},"84":{"start":{"line":173,"column":8},"end":{"line":173,"column":null}},"85":{"start":{"line":176,"column":8},"end":{"line":176,"column":null}},"86":{"start":{"line":180,"column":6},"end":{"line":180,"column":null}},"87":{"start":{"line":185,"column":19},"end":{"line":185,"column":47}},"88":{"start":{"line":186,"column":22},"end":{"line":186,"column":52}},"89":{"start":{"line":187,"column":4},"end":{"line":187,"column":null}},"90":{"start":{"line":188,"column":4},"end":{"line":190,"column":null}},"91":{"start":{"line":189,"column":6},"end":{"line":189,"column":null}},"92":{"start":{"line":196,"column":17},"end":{"line":196,"column":19}},"93":{"start":{"line":197,"column":4},"end":{"line":202,"column":null}},"94":{"start":{"line":198,"column":6},"end":{"line":198,"column":null}},"95":{"start":{"line":201,"column":6},"end":{"line":201,"column":null}},"96":{"start":{"line":204,"column":23},"end":{"line":204,"column":99}},"97":{"start":{"line":205,"column":4},"end":{"line":205,"column":null}},"98":{"start":{"line":206,"column":4},"end":{"line":206,"column":null}},"99":{"start":{"line":210,"column":4},"end":{"line":222,"column":null}},"100":{"start":{"line":211,"column":22},"end":{"line":211,"column":43}},"101":{"start":{"line":212,"column":21},"end":{"line":212,"column":70}},"102":{"start":{"line":213,"column":6},"end":{"line":213,"column":null}},"103":{"start":{"line":214,"column":6},"end":{"line":214,"column":null}},"104":{"start":{"line":216,"column":6},"end":{"line":216,"column":69}},"105":{"start":{"line":217,"column":6},"end":{"line":217,"column":null}},"106":{"start":{"line":218,"column":6},"end":{"line":218,"column":null}},"107":{"start":{"line":221,"column":6},"end":{"line":221,"column":158}},"108":{"start":{"line":223,"column":4},"end":{"line":223,"column":null}},"109":{"start":{"line":11,"column":0},"end":{"line":11,"column":13}},"110":{"start":{"line":231,"column":0},"end":{"line":231,"column":null}}},"fnMap":{"0":{"name":"(anonymous_0)","decl":{"start":{"line":13,"column":2},"end":{"line":13,"column":null}},"loc":{"start":{"line":13,"column":2},"end":{"line":14,"column":3}}},"1":{"name":"(anonymous_1)","decl":{"start":{"line":16,"column":2},"end":{"line":16,"column":15}},"loc":{"start":{"line":16,"column":15},"end":{"line":22,"column":3}}},"2":{"name":"(anonymous_2)","decl":{"start":{"line":24,"column":2},"end":{"line":24,"column":7}},"loc":{"start":{"line":24,"column":12},"end":{"line":26,"column":3}}},"3":{"name":"(anonymous_3)","decl":{"start":{"line":25,"column":23},"end":{"line":25,"column":26}},"loc":{"start":{"line":25,"column":30},"end":{"line":25,"column":41}}},"4":{"name":"(anonymous_4)","decl":{"start":{"line":28,"column":2},"end":{"line":28,"column":8}},"loc":{"start":{"line":28,"column":36},"end":{"line":37,"column":3}}},"5":{"name":"(anonymous_5)","decl":{"start":{"line":39,"column":2},"end":{"line":39,"column":13}},"loc":{"start":{"line":39,"column":23},"end":{"line":47,"column":3}}},"6":{"name":"(anonymous_6)","decl":{"start":{"line":49,"column":2},"end":{"line":49,"column":11}},"loc":{"start":{"line":49,"column":16},"end":{"line":56,"column":3}}},"7":{"name":"(anonymous_7)","decl":{"start":{"line":59,"column":2},"end":{"line":59,"column":21}},"loc":{"start":{"line":59,"column":21},"end":{"line":63,"column":3}}},"8":{"name":"(anonymous_8)","decl":{"start":{"line":65,"column":2},"end":{"line":65,"column":26}},"loc":{"start":{"line":65,"column":26},"end":{"line":69,"column":3}}},"9":{"name":"(anonymous_9)","decl":{"start":{"line":71,"column":2},"end":{"line":71,"column":19}},"loc":{"start":{"line":71,"column":55},"end":{"line":87,"column":3}}},"10":{"name":"(anonymous_10)","decl":{"start":{"line":89,"column":2},"end":{"line":89,"column":17}},"loc":{"start":{"line":89,"column":37},"end":{"line":95,"column":3}}},"11":{"name":"(anonymous_11)","decl":{"start":{"line":97,"column":2},"end":{"line":97,"column":17}},"loc":{"start":{"line":97,"column":17},"end":{"line":102,"column":3}}},"12":{"name":"(anonymous_12)","decl":{"start":{"line":104,"column":2},"end":{"line":104,"column":20}},"loc":{"start":{"line":104,"column":20},"end":{"line":109,"column":3}}},"13":{"name":"(anonymous_13)","decl":{"start":{"line":111,"column":2},"end":{"line":111,"column":7}},"loc":{"start":{"line":111,"column":27},"end":{"line":129,"column":3}}},"14":{"name":"(anonymous_14)","decl":{"start":{"line":117,"column":17},"end":{"line":117,"column":20}},"loc":{"start":{"line":118,"column":6},"end":{"line":127,"column":8}}},"15":{"name":"(anonymous_15)","decl":{"start":{"line":118,"column":72},"end":{"line":118,"column":75}},"loc":{"start":{"line":118,"column":78},"end":{"line":127,"column":7}}},"16":{"name":"(anonymous_16)","decl":{"start":{"line":131,"column":2},"end":{"line":131,"column":14}},"loc":{"start":{"line":131,"column":25},"end":{"line":146,"column":3}}},"17":{"name":"(anonymous_17)","decl":{"start":{"line":149,"column":2},"end":{"line":149,"column":29}},"loc":{"start":{"line":149,"column":43},"end":{"line":154,"column":3}}},"18":{"name":"(anonymous_18)","decl":{"start":{"line":156,"column":2},"end":{"line":156,"column":14}},"loc":{"start":{"line":156,"column":14},"end":{"line":167,"column":3}}},"19":{"name":"(anonymous_19)","decl":{"start":{"line":169,"column":2},"end":{"line":169,"column":14}},"loc":{"start":{"line":169,"column":48},"end":{"line":182,"column":3}}},"20":{"name":"(anonymous_20)","decl":{"start":{"line":184,"column":2},"end":{"line":184,"column":7}},"loc":{"start":{"line":184,"column":21},"end":{"line":191,"column":3}}},"21":{"name":"(anonymous_21)","decl":{"start":{"line":193,"column":2},"end":{"line":193,"column":18}},"loc":{"start":{"line":193,"column":29},"end":{"line":207,"column":3}}},"22":{"name":"(anonymous_22)","decl":{"start":{"line":209,"column":2},"end":{"line":209,"column":13}},"loc":{"start":{"line":209,"column":13},"end":{"line":224,"column":3}}}},"branchMap":{"0":{"loc":{"start":{"line":28,"column":9},"end":{"line":28,"column":22}},"type":"default-arg","locations":[{"start":{"line":28,"column":20},"end":{"line":28,"column":22}}]},"1":{"loc":{"start":{"line":28,"column":24},"end":{"line":28,"column":36}},"type":"default-arg","locations":[{"start":{"line":28,"column":34},"end":{"line":28,"column":36}}]},"2":{"loc":{"start":{"line":40,"column":4},"end":{"line":40,"column":118}},"type":"if","locations":[{"start":{"line":40,"column":4},"end":{"line":40,"column":118}}]},"3":{"loc":{"start":{"line":44,"column":18},"end":{"line":44,"column":93}},"type":"cond-expr","locations":[{"start":{"line":44,"column":40},"end":{"line":44,"column":75}},{"start":{"line":44,"column":78},"end":{"line":44,"column":93}}]},"4":{"loc":{"start":{"line":68,"column":11},"end":{"line":68,"column":36}},"type":"binary-expr","locations":[{"start":{"line":68,"column":11},"end":{"line":68,"column":30}},{"start":{"line":68,"column":32},"end":{"line":68,"column":36}}]},"5":{"loc":{"start":{"line":75,"column":4},"end":{"line":80,"column":null}},"type":"if","locations":[{"start":{"line":75,"column":4},"end":{"line":80,"column":null}},{"start":{"line":78,"column":8},"end":{"line":80,"column":null}}]},"6":{"loc":{"start":{"line":122,"column":8},"end":{"line":126,"column":null}},"type":"if","locations":[{"start":{"line":122,"column":8},"end":{"line":126,"column":null}},{"start":{"line":124,"column":15},"end":{"line":126,"column":null}}]},"7":{"loc":{"start":{"line":132,"column":4},"end":{"line":132,"column":80}},"type":"if","locations":[{"start":{"line":132,"column":4},"end":{"line":132,"column":80}}]},"8":{"loc":{"start":{"line":133,"column":27},"end":{"line":133,"column":71}},"type":"cond-expr","locations":[{"start":{"line":133,"column":47},"end":{"line":133,"column":50}},{"start":{"line":133,"column":53},"end":{"line":133,"column":71}}]},"9":{"loc":{"start":{"line":135,"column":4},"end":{"line":138,"column":null}},"type":"if","locations":[{"start":{"line":135,"column":4},"end":{"line":138,"column":null}}]},"10":{"loc":{"start":{"line":140,"column":25},"end":{"line":140,"column":98}},"type":"cond-expr","locations":[{"start":{"line":140,"column":71},"end":{"line":140,"column":91}},{"start":{"line":140,"column":94},"end":{"line":140,"column":98}}]},"11":{"loc":{"start":{"line":140,"column":25},"end":{"line":140,"column":68}},"type":"binary-expr","locations":[{"start":{"line":140,"column":25},"end":{"line":140,"column":37}},{"start":{"line":140,"column":41},"end":{"line":140,"column":68}}]},"12":{"loc":{"start":{"line":150,"column":4},"end":{"line":152,"column":null}},"type":"if","locations":[{"start":{"line":150,"column":4},"end":{"line":152,"column":null}}]},"13":{"loc":{"start":{"line":172,"column":6},"end":{"line":177,"column":null}},"type":"if","locations":[{"start":{"line":172,"column":6},"end":{"line":177,"column":null}},{"start":{"line":175,"column":10},"end":{"line":177,"column":null}}]},"14":{"loc":{"start":{"line":188,"column":4},"end":{"line":190,"column":null}},"type":"if","locations":[{"start":{"line":188,"column":4},"end":{"line":190,"column":null}}]}},"s":{"0":10,"1":10,"2":10,"3":10,"4":10,"5":10,"6":10,"7":10,"8":1,"9":1,"10":3,"11":24,"12":24,"13":24,"14":1,"15":1,"16":1,"17":4,"18":1,"19":3,"20":3,"21":3,"22":3,"23":3,"24":3,"25":2,"26":2,"27":1,"28":1,"29":5,"30":5,"31":5,"32":1,"33":1,"34":1,"35":2,"36":2,"37":2,"38":2,"39":1,"40":1,"41":2,"42":2,"43":2,"44":2,"45":2,"46":1,"47":1,"48":1,"49":1,"50":1,"51":1,"52":1,"53":2,"54":2,"55":2,"56":2,"57":3,"58":3,"59":2,"60":1,"61":1,"62":3,"63":22,"64":1,"65":21,"66":21,"67":21,"68":1,"69":1,"70":20,"71":20,"72":20,"73":9,"74":4,"75":5,"76":1,"77":1,"78":1,"79":1,"80":1,"81":1,"82":3,"83":3,"84":1,"85":2,"86":1,"87":2,"88":2,"89":2,"90":2,"91":1,"92":5,"93":5,"94":5,"95":2,"96":5,"97":5,"98":5,"99":8,"100":8,"101":8,"102":1,"103":1,"104":1,"105":1,"106":1,"107":7,"108":7,"109":10,"110":10},"f":{"0":17,"1":1,"2":1,"3":3,"4":24,"5":4,"6":2,"7":5,"8":1,"9":2,"10":1,"11":1,"12":2,"13":3,"14":3,"15":2,"16":22,"17":9,"18":1,"19":3,"20":2,"21":5,"22":8},"b":{"0":[1],"1":[22],"2":[1],"3":[1,2],"4":[1,1],"5":[1,1],"6":[1,1],"7":[1],"8":[20,1],"9":[1],"10":[6,14],"11":[20,6],"12":[4],"13":[1,2],"14":[1]}}
}
