TN:
SF:src/main/main.ts
FN:20,(anonymous_0)
FN:37,(anonymous_1)
FNF:2
FNH:2
FNDA:8,(anonymous_0)
FNDA:2,(anonymous_1)
DA:1,1
DA:2,1
DA:3,1
DA:5,1
DA:20,1
DA:21,8
DA:34,8
DA:37,1
DA:39,2
DA:40,2
DA:41,2
DA:43,2
DA:44,2
DA:45,1
DA:47,1
DA:49,1
DA:51,1
DA:54,1
DA:55,1
DA:60,1
LF:20
LH:20
BRF:0
BRH:0
end_of_record
TN:
SF:src/main/task/branching.ts
FN:13,(anonymous_0)
FN:16,(anonymous_1)
FN:42,(anonymous_2)
FN:47,(anonymous_3)
FN:57,(anonymous_4)
FN:101,(anonymous_5)
FN:108,(anonymous_6)
FN:125,(anonymous_7)
FN:134,(anonymous_8)
FN:151,(anonymous_9)
FN:181,(anonymous_10)
FN:191,(anonymous_11)
FN:204,(anonymous_12)
FN:213,(anonymous_13)
FN:244,(anonymous_14)
FN:251,(anonymous_15)
FN:257,(anonymous_16)
FN:263,(anonymous_17)
FN:271,(anonymous_18)
FN:283,(anonymous_19)
FN:292,(anonymous_20)
FN:302,(anonymous_21)
FN:311,(anonymous_22)
FN:320,(anonymous_23)
FN:334,(anonymous_24)
FN:342,(anonymous_25)
FN:355,(anonymous_26)
FN:364,(anonymous_27)
FN:369,(anonymous_28)
FN:377,(anonymous_29)
FN:382,(anonymous_30)
FN:390,(anonymous_31)
FN:395,(anonymous_32)
FN:403,(anonymous_33)
FN:412,(anonymous_34)
FN:429,(anonymous_35)
FN:436,(anonymous_36)
FN:451,(anonymous_37)
FN:460,(anonymous_38)
FN:490,(anonymous_39)
FN:526,(anonymous_40)
FN:546,(anonymous_41)
FN:616,(anonymous_42)
FN:626,(anonymous_43)
FN:641,(anonymous_44)
FN:653,(anonymous_45)
FN:661,(anonymous_46)
FN:679,(anonymous_47)
FN:703,(anonymous_48)
FNF:49
FNH:49
FNDA:25,(anonymous_0)
FNDA:4,(anonymous_1)
FNDA:1,(anonymous_2)
FNDA:1,(anonymous_3)
FNDA:32,(anonymous_4)
FNDA:2,(anonymous_5)
FNDA:1,(anonymous_6)
FNDA:2,(anonymous_7)
FNDA:1,(anonymous_8)
FNDA:4,(anonymous_9)
FNDA:4,(anonymous_10)
FNDA:3,(anonymous_11)
FNDA:1,(anonymous_12)
FNDA:2,(anonymous_13)
FNDA:2,(anonymous_14)
FNDA:1,(anonymous_15)
FNDA:1,(anonymous_16)
FNDA:1,(anonymous_17)
FNDA:3,(anonymous_18)
FNDA:1,(anonymous_19)
FNDA:2,(anonymous_20)
FNDA:2,(anonymous_21)
FNDA:2,(anonymous_22)
FNDA:2,(anonymous_23)
FNDA:4,(anonymous_24)
FNDA:1,(anonymous_25)
FNDA:2,(anonymous_26)
FNDA:1,(anonymous_27)
FNDA:1,(anonymous_28)
FNDA:1,(anonymous_29)
FNDA:1,(anonymous_30)
FNDA:1,(anonymous_31)
FNDA:1,(anonymous_32)
FNDA:2,(anonymous_33)
FNDA:1,(anonymous_34)
FNDA:2,(anonymous_35)
FNDA:2,(anonymous_36)
FNDA:1,(anonymous_37)
FNDA:2,(anonymous_38)
FNDA:6,(anonymous_39)
FNDA:2,(anonymous_40)
FNDA:5,(anonymous_41)
FNDA:8,(anonymous_42)
FNDA:8,(anonymous_43)
FNDA:8,(anonymous_44)
FNDA:7,(anonymous_45)
FNDA:7,(anonymous_46)
FNDA:3,(anonymous_47)
FNDA:2,(anonymous_48)
DA:2,10
DA:3,10
DA:4,10
DA:5,10
DA:6,10
DA:7,10
DA:11,10
DA:18,4
DA:20,4
DA:21,4
DA:23,3
DA:24,3
DA:25,1
DA:27,3
DA:28,1
DA:30,3
DA:31,1
DA:36,1
DA:37,1
DA:38,1
DA:44,1
DA:45,1
DA:48,1
DA:51,1
DA:59,32
DA:60,1
DA:63,31
DA:68,31
DA:69,1
DA:70,2
DA:71,1
DA:72,1
DA:73,1
DA:75,1
DA:76,2
DA:77,1
DA:78,2
DA:79,1
DA:81,2
DA:83,3
DA:84,1
DA:85,2
DA:87,2
DA:88,2
DA:89,1
DA:91,2
DA:93,1
DA:94,1
DA:95,1
DA:102,2
DA:104,1
DA:105,1
DA:109,1
DA:110,1
DA:111,1
DA:114,1
DA:116,1
DA:117,1
DA:118,1
DA:119,1
DA:126,2
DA:127,2
DA:129,2
DA:131,1
DA:132,1
DA:135,1
DA:138,1
DA:140,1
DA:141,1
DA:142,1
DA:143,1
DA:146,1
DA:152,4
DA:153,4
DA:154,4
DA:155,4
DA:157,4
DA:158,1
DA:159,1
DA:160,1
DA:161,1
DA:162,1
DA:165,4
DA:167,4
DA:168,1
DA:169,1
DA:172,4
DA:179,4
DA:182,4
DA:184,4
DA:185,3
DA:186,3
DA:187,3
DA:189,3
DA:192,3
DA:193,3
DA:205,1
DA:206,1
DA:207,1
DA:208,1
DA:209,1
DA:210,1
DA:214,2
DA:215,2
DA:216,2
DA:217,2
DA:218,2
DA:220,1
DA:221,1
DA:224,1
DA:226,2
DA:228,2
DA:229,2
DA:230,2
DA:233,2
DA:239,2
DA:241,2
DA:245,2
DA:246,2
DA:252,1
DA:253,1
DA:254,1
DA:258,1
DA:259,1
DA:260,1
DA:264,1
DA:265,1
DA:266,1
DA:267,1
DA:273,3
DA:275,3
DA:277,2
DA:278,2
DA:279,1
DA:281,1
DA:284,1
DA:285,1
DA:290,2
DA:293,2
DA:294,2
DA:299,2
DA:300,2
DA:303,2
DA:304,2
DA:308,2
DA:309,2
DA:312,2
DA:313,2
DA:317,2
DA:318,2
DA:321,2
DA:322,2
DA:323,2
DA:329,1
DA:336,4
DA:337,4
DA:339,4
DA:340,1
DA:343,1
DA:348,4
DA:351,4
DA:352,2
DA:353,2
DA:356,2
DA:357,2
DA:358,2
DA:365,1
DA:366,1
DA:367,1
DA:370,1
DA:371,1
DA:372,1
DA:378,1
DA:379,1
DA:380,1
DA:383,1
DA:384,1
DA:385,1
DA:391,1
DA:392,1
DA:393,1
DA:396,1
DA:397,1
DA:398,1
DA:405,2
DA:406,2
DA:407,2
DA:408,1
DA:410,1
DA:413,1
DA:414,1
DA:415,1
DA:416,1
DA:423,1
DA:424,1
DA:431,2
DA:433,2
DA:434,2
DA:437,2
DA:441,2
DA:442,1
DA:445,1
DA:446,1
DA:448,1
DA:449,1
DA:452,1
DA:462,2
DA:463,2
DA:465,2
DA:472,2
DA:473,2
DA:474,1
DA:477,1
DA:478,1
DA:481,1
DA:482,1
DA:483,1
DA:484,1
DA:486,1
DA:493,6
DA:497,6
DA:498,6
DA:499,6
DA:500,6
DA:503,6
DA:504,6
DA:505,6
DA:508,6
DA:509,6
DA:510,6
DA:513,6
DA:515,6
DA:516,6
DA:517,3
DA:520,3
DA:521,2
DA:523,2
DA:524,2
DA:527,2
DA:528,1
DA:529,1
DA:533,2
DA:534,1
DA:537,1
DA:541,5
DA:543,5
DA:547,5
DA:550,5
DA:551,5
DA:553,5
DA:554,5
DA:556,5
DA:557,3
DA:559,3
DA:561,3
DA:564,3
DA:565,1
DA:568,2
DA:569,1
DA:570,1
DA:571,1
DA:574,1
DA:575,1
DA:581,4
DA:584,4
DA:587,4
DA:589,4
DA:590,4
DA:592,4
DA:593,2
DA:595,4
DA:597,4
DA:600,4
DA:602,4
DA:603,4
DA:604,4
DA:605,4
DA:606,4
DA:609,4
DA:618,8
DA:620,8
DA:621,8
DA:623,8
DA:627,8
DA:629,8
DA:631,8
DA:633,8
DA:635,8
DA:643,8
DA:644,8
DA:645,8
DA:649,8
DA:650,1
DA:653,7
DA:657,8
DA:658,1
DA:661,7
DA:665,8
DA:668,8
DA:669,8
DA:670,8
DA:671,8
DA:680,3
DA:681,3
DA:683,3
DA:684,3
DA:686,3
DA:687,2
DA:688,2
DA:690,2
DA:691,2
DA:693,2
DA:704,2
DA:705,1
DA:706,1
DA:712,1
DA:715,3
DA:721,10
LF:318
LH:318
BRDA:24,0,0,1
BRDA:27,1,0,1
BRDA:27,2,0,3
BRDA:27,2,1,2
BRDA:30,3,0,1
BRDA:30,4,0,3
BRDA:30,4,1,2
BRDA:59,5,0,1
BRDA:68,6,0,1
BRDA:68,6,1,2
BRDA:68,6,2,1
BRDA:68,6,3,1
BRDA:68,6,4,1
BRDA:68,6,5,1
BRDA:68,6,6,2
BRDA:68,6,7,1
BRDA:68,6,8,2
BRDA:68,6,9,1
BRDA:68,6,10,2
BRDA:68,6,11,3
BRDA:68,6,12,1
BRDA:68,6,13,2
BRDA:68,6,14,2
BRDA:68,6,15,2
BRDA:68,6,16,1
BRDA:68,6,17,2
BRDA:68,6,18,1
BRDA:68,6,19,1
BRDA:68,6,20,1
BRDA:102,7,0,1
BRDA:129,8,0,1
BRDA:157,9,0,1
BRDA:167,10,0,1
BRDA:184,11,0,3
BRDA:184,12,0,4
BRDA:184,12,1,3
BRDA:186,13,0,3
BRDA:186,13,1,1
BRDA:218,14,0,1
BRDA:218,14,1,1
BRDA:275,15,0,2
BRDA:275,15,1,1
BRDA:278,16,0,1
BRDA:278,16,1,1
BRDA:334,17,0,3
BRDA:339,18,0,1
BRDA:351,19,0,2
BRDA:407,20,0,1
BRDA:407,20,1,1
BRDA:441,21,0,1
BRDA:490,22,0,6
BRDA:516,23,0,3
BRDA:516,23,1,3
BRDA:520,24,0,2
BRDA:520,24,1,1
BRDA:527,25,0,1
BRDA:533,26,0,1
BRDA:556,27,0,3
BRDA:556,28,0,5
BRDA:556,28,1,2
BRDA:568,29,0,1
BRDA:568,29,1,1
BRDA:592,30,0,2
BRDA:592,31,0,4
BRDA:592,31,1,2
BRDA:649,32,0,1
BRDA:649,32,1,7
BRDA:657,33,0,1
BRDA:657,33,1,7
BRDA:686,34,0,2
BRDA:686,34,1,1
BRDA:704,35,0,1
BRF:72
BRH:72
end_of_record
TN:
SF:src/main/task/branching-support/prompt-option-constants.ts
FNF:0
FNH:0
DA:2,10
DA:4,10
DA:46,10
LF:3
LH:3
BRF:0
BRH:0
end_of_record
TN:
SF:src/main/task/branching-support/prompts.ts
FN:8,(anonymous_0)
FN:100,(anonymous_1)
FNF:2
FNH:2
FNDA:17,(anonymous_0)
FNDA:11,(anonymous_1)
DA:2,10
DA:3,10
DA:4,10
DA:5,10
DA:8,10
DA:11,17
DA:12,17
DA:14,17
DA:15,17
DA:16,3
DA:24,14
DA:25,1
DA:33,13
DA:34,1
DA:44,12
DA:46,9
DA:54,9
DA:55,9
DA:56,3
DA:57,3
DA:59,6
DA:60,2
DA:62,4
DA:63,2
DA:67,3
DA:68,2
DA:69,1
DA:79,1
DA:89,1
DA:96,17
DA:100,10
DA:101,11
DA:103,11
DA:105,11
DA:106,11
DA:107,11
DA:108,11
DA:109,11
DA:110,11
DA:111,11
DA:113,11
DA:114,11
DA:115,6
DA:121,5
DA:122,1
DA:129,4
DA:130,1
DA:138,3
DA:139,1
DA:144,2
DA:145,1
DA:155,1
DA:163,11
DA:166,10
DA:269,10
LF:55
LH:55
BRDA:11,0,0,17
BRDA:11,0,1,2
BRDA:15,1,0,3
BRDA:15,1,1,14
BRDA:24,2,0,1
BRDA:24,2,1,13
BRDA:33,3,0,1
BRDA:33,3,1,12
BRDA:44,4,0,9
BRDA:44,4,1,3
BRDA:55,5,0,3
BRDA:55,5,1,6
BRDA:59,6,0,2
BRDA:59,6,1,4
BRDA:62,7,0,2
BRDA:67,8,0,2
BRDA:67,8,1,1
BRDA:68,9,0,1
BRDA:68,9,1,1
BRDA:101,10,0,11
BRDA:101,10,1,1
BRDA:114,11,0,6
BRDA:114,11,1,5
BRDA:121,12,0,1
BRDA:121,12,1,4
BRDA:129,13,0,1
BRDA:129,13,1,3
BRDA:138,14,0,1
BRDA:138,14,1,2
BRDA:144,15,0,1
BRDA:144,15,1,1
BRF:31
BRH:31
end_of_record
TN:
SF:src/main/types/command-line-options.ts
FN:20,(anonymous_0)
FN:25,(anonymous_1)
FN:29,(anonymous_2)
FNF:3
FNH:3
FNDA:42,(anonymous_0)
FNDA:10,(anonymous_1)
FNDA:19,(anonymous_2)
DA:2,11
DA:6,42
DA:7,42
DA:8,42
DA:9,42
DA:10,42
DA:11,42
DA:12,42
DA:13,42
DA:14,42
DA:15,42
DA:17,42
DA:18,42
DA:22,42
DA:26,10
DA:30,19
DA:35,11
LF:17
LH:17
BRDA:20,0,0,1
BRDA:25,1,0,1
BRDA:29,2,0,1
BRF:3
BRH:3
end_of_record
TN:
SF:src/main/types/global-config.ts
FN:6,(anonymous_0)
FN:19,(anonymous_1)
FN:24,(anonymous_2)
FN:28,(anonymous_3)
FNF:4
FNH:4
FNDA:11,(anonymous_0)
FNDA:38,(anonymous_1)
FNDA:2,(anonymous_2)
FNDA:17,(anonymous_3)
DA:6,11
DA:7,11
DA:8,11
DA:9,11
DA:12,38
DA:13,38
DA:14,38
DA:15,38
DA:16,38
DA:17,38
DA:21,38
DA:25,2
DA:29,17
DA:34,11
LF:14
LH:14
BRDA:6,0,0,11
BRDA:6,0,1,11
BRDA:19,1,0,1
BRDA:24,2,0,1
BRDA:28,3,0,1
BRF:5
BRH:5
end_of_record
TN:
SF:src/main/types/runtime-state.ts
FN:81,(anonymous_0)
FN:86,(anonymous_1)
FN:90,(anonymous_2)
FNF:3
FNH:3
FNDA:25,(anonymous_0)
FNDA:38,(anonymous_1)
FNDA:4,(anonymous_2)
DA:12,25
DA:13,25
DA:14,25
DA:15,25
DA:16,25
DA:18,25
DA:19,25
DA:21,25
DA:23,25
DA:27,25
DA:28,25
DA:29,25
DA:30,25
DA:31,25
DA:33,25
DA:34,25
DA:35,25
DA:37,25
DA:38,25
DA:39,25
DA:40,25
DA:42,25
DA:43,25
DA:44,25
DA:45,25
DA:47,25
DA:50,25
DA:51,25
DA:52,25
DA:54,25
DA:55,25
DA:56,25
DA:57,25
DA:59,25
DA:62,25
DA:63,25
DA:64,25
DA:65,25
DA:66,25
DA:67,25
DA:68,25
DA:69,25
DA:70,25
DA:73,25
DA:74,25
DA:75,25
DA:77,25
DA:78,25
DA:79,25
DA:83,25
DA:87,38
DA:91,4
DA:95,11
LF:53
LH:53
BRDA:81,0,0,1
BRDA:86,1,0,1
BRDA:90,2,0,1
BRF:3
BRH:3
end_of_record
TN:
SF:src/main/util/toolbox.ts
FN:34,(anonymous_0)
FN:51,(anonymous_1)
FN:54,(anonymous_2)
FN:58,(anonymous_3)
FN:61,(anonymous_4)
FN:65,(anonymous_5)
FN:81,(anonymous_6)
FNF:7
FNH:7
FNDA:15,(anonymous_0)
FNDA:2,(anonymous_1)
FNDA:2,(anonymous_2)
FNDA:8,(anonymous_3)
FNDA:36,(anonymous_4)
FNDA:68,(anonymous_5)
FNDA:66,(anonymous_6)
DA:2,10
DA:3,10
DA:4,10
DA:5,10
DA:7,10
DA:9,10
DA:10,10
DA:11,10
DA:13,10
DA:14,10
DA:20,10
DA:22,15
DA:23,15
DA:24,15
DA:32,15
DA:36,15
DA:37,15
DA:41,15
DA:42,15
DA:43,15
DA:44,15
DA:45,15
DA:52,2
DA:55,2
DA:59,8
DA:62,36
DA:67,68
DA:68,68
DA:69,2
DA:71,68
DA:74,68
DA:77,68
DA:82,66
DA:83,66
DA:88,10
DA:90,10
LF:36
LH:36
BRDA:34,0,0,11
BRDA:34,1,0,11
BRDA:51,2,0,1
BRDA:54,3,0,1
BRDA:68,4,0,2
BRDA:74,5,0,39
BRDA:74,5,1,29
BRDA:77,6,0,66
BRDA:77,6,1,2
BRDA:77,7,0,68
BRDA:77,7,1,66
BRDA:83,8,0,1
BRDA:83,8,1,65
BRF:13
BRH:13
end_of_record
TN:
SF:src/main/util/tools/errors.ts
FN:4,(anonymous_0)
FN:17,(anonymous_1)
FN:23,(anonymous_2)
FN:29,(anonymous_3)
FN:35,(anonymous_4)
FN:41,(anonymous_5)
FN:54,(anonymous_6)
FN:67,(anonymous_7)
FN:73,(anonymous_8)
FN:80,(anonymous_9)
FNF:10
FNH:10
FNDA:18,(anonymous_0)
FNDA:1,(anonymous_1)
FNDA:1,(anonymous_2)
FNDA:1,(anonymous_3)
FNDA:2,(anonymous_4)
FNDA:2,(anonymous_5)
FNDA:2,(anonymous_6)
FNDA:1,(anonymous_7)
FNDA:2,(anonymous_8)
FNDA:1,(anonymous_9)
DA:1,11
DA:3,11
DA:5,18
DA:6,18
DA:10,11
DA:12,11
DA:14,11
DA:16,11
DA:18,1
DA:22,11
DA:24,1
DA:28,11
DA:30,1
DA:34,11
DA:36,2
DA:40,11
DA:42,2
DA:53,11
DA:55,2
DA:66,11
DA:68,1
DA:72,11
DA:74,2
DA:79,11
DA:81,1
LF:25
LH:25
BRF:0
BRH:0
end_of_record
TN:
SF:src/main/util/tools/git.ts
FN:52,(anonymous_0)
FN:60,(anonymous_1)
FN:84,(anonymous_2)
FN:99,(anonymous_3)
FN:102,(anonymous_4)
FN:116,(anonymous_5)
FN:126,(anonymous_6)
FN:127,(anonymous_7)
FN:138,(anonymous_8)
FN:139,(anonymous_9)
FN:145,(anonymous_10)
FN:154,(anonymous_11)
FN:163,(anonymous_12)
FN:172,(anonymous_13)
FN:179,(anonymous_14)
FN:187,(anonymous_15)
FN:200,(anonymous_16)
FN:212,(anonymous_17)
FN:223,(anonymous_18)
FN:235,(anonymous_19)
FN:251,(anonymous_20)
FNF:21
FNH:21
FNDA:17,(anonymous_0)
FNDA:9,(anonymous_1)
FNDA:5,(anonymous_2)
FNDA:2,(anonymous_3)
FNDA:1,(anonymous_4)
FNDA:2,(anonymous_5)
FNDA:9,(anonymous_6)
FNDA:9,(anonymous_7)
FNDA:1,(anonymous_8)
FNDA:1,(anonymous_9)
FNDA:4,(anonymous_10)
FNDA:3,(anonymous_11)
FNDA:4,(anonymous_12)
FNDA:2,(anonymous_13)
FNDA:4,(anonymous_14)
FNDA:1,(anonymous_15)
FNDA:2,(anonymous_16)
FNDA:2,(anonymous_17)
FNDA:2,(anonymous_18)
FNDA:4,(anonymous_19)
FNDA:3,(anonymous_20)
DA:2,10
DA:4,10
DA:14,10
DA:17,10
DA:19,10
DA:47,10
DA:48,10
DA:49,10
DA:55,17
DA:56,17
DA:62,9
DA:64,9
DA:66,9
DA:67,1
DA:69,8
DA:70,1
DA:72,7
DA:73,1
DA:76,6
DA:77,6
DA:80,6
DA:85,5
DA:86,5
DA:87,4
DA:88,2
DA:89,2
DA:92,2
DA:93,2
DA:96,1
DA:100,2
DA:101,2
DA:102,1
DA:104,2
DA:117,2
DA:118,2
DA:119,1
DA:122,1
DA:127,9
DA:129,9
DA:130,9
DA:132,9
DA:133,9
DA:139,1
DA:140,1
DA:141,1
DA:146,4
DA:147,4
DA:148,2
DA:150,2
DA:155,3
DA:156,3
DA:157,1
DA:159,2
DA:164,4
DA:165,4
DA:166,1
DA:168,3
DA:173,2
DA:174,1
DA:176,1
DA:180,4
DA:181,4
DA:184,3
DA:185,2
DA:188,1
DA:189,1
DA:192,1
DA:195,1
DA:201,2
DA:202,2
DA:203,2
DA:204,1
DA:207,1
DA:208,1
DA:213,2
DA:214,2
DA:215,1
DA:217,1
DA:218,1
DA:224,2
DA:225,2
DA:226,1
DA:227,1
DA:229,1
DA:230,1
DA:236,4
DA:237,4
DA:238,2
DA:239,2
DA:240,2
DA:243,2
DA:244,1
DA:246,1
DA:254,3
DA:255,1
DA:259,3
DA:260,1
DA:262,3
DA:263,3
DA:269,10
LF:100
LH:100
BRDA:66,0,0,1
BRDA:66,1,0,9
BRDA:66,1,1,8
BRDA:69,2,0,1
BRDA:69,3,0,8
BRDA:69,3,1,6
BRDA:72,4,0,1
BRDA:72,5,0,7
BRDA:72,5,1,2
BRDA:86,6,0,4
BRDA:87,7,0,2
BRDA:87,7,1,2
BRDA:87,8,0,4
BRDA:87,8,1,3
BRDA:173,9,0,1
BRDA:184,10,0,2
BRDA:184,10,1,1
BRDA:238,11,0,2
BRDA:238,11,1,1
BRDA:243,12,0,1
BRDA:254,13,0,1
BRDA:259,14,0,1
BRF:22
BRH:22
end_of_record
TN:
SF:src/main/util/tools/logger.ts
FN:6,(anonymous_0)
FN:11,(anonymous_1)
FN:17,(anonymous_2)
FN:23,(anonymous_3)
FN:27,(anonymous_4)
FN:31,(anonymous_5)
FN:35,(anonymous_6)
FN:41,(anonymous_7)
FNF:8
FNH:8
FNDA:15,(anonymous_0)
FNDA:157,(anonymous_1)
FNDA:9,(anonymous_2)
FNDA:122,(anonymous_3)
FNDA:24,(anonymous_4)
FNDA:6,(anonymous_5)
FNDA:3,(anonymous_6)
FNDA:18,(anonymous_7)
DA:1,10
DA:3,10
DA:9,15
DA:12,157
DA:13,8
DA:18,9
DA:19,1
DA:24,122
DA:28,24
DA:32,6
DA:36,3
DA:37,1
DA:42,18
DA:43,1
DA:49,10
LF:15
LH:15
BRDA:12,0,0,8
BRDA:18,1,0,1
BRDA:36,2,0,1
BRDA:42,3,0,1
BRF:4
BRH:4
end_of_record
TN:
SF:src/main/util/tools/shell.ts
FN:13,(anonymous_0)
FN:18,(anonymous_1)
FN:22,(anonymous_2)
FN:27,(anonymous_3)
FN:32,(anonymous_4)
FN:38,(anonymous_5)
FN:41,(anonymous_6)
FN:42,(anonymous_7)
FNF:8
FNH:8
FNDA:15,(anonymous_0)
FNDA:1,(anonymous_1)
FNDA:1,(anonymous_2)
FNDA:17,(anonymous_3)
FNDA:16,(anonymous_4)
FNDA:17,(anonymous_5)
FNDA:16,(anonymous_6)
FNDA:16,(anonymous_7)
DA:1,10
DA:5,10
DA:7,10
DA:14,15
DA:15,15
DA:19,1
DA:23,1
DA:31,17
DA:33,16
DA:39,17
DA:41,16
DA:42,16
DA:43,16
DA:44,16
DA:45,16
DA:46,13
DA:52,3
DA:63,10
LF:18
LH:18
BRDA:39,0,0,1
BRDA:45,1,0,13
BRDA:45,1,1,3
BRF:3
BRH:3
end_of_record
TN:
SF:src/main/util/tools/spinner.ts
FN:14,(anonymous_0)
FN:19,(anonymous_1)
FNF:2
FNH:2
FNDA:15,(anonymous_0)
FNDA:22,(anonymous_1)
DA:3,10
DA:5,10
DA:7,10
DA:15,15
DA:16,15
DA:20,22
DA:21,21
DA:22,21
DA:23,20
DA:25,20
DA:30,1
DA:35,10
LF:12
LH:12
BRDA:15,0,0,15
BRDA:15,0,1,15
BRDA:15,0,2,15
BRDA:16,1,0,15
BRDA:16,1,1,15
BRDA:16,1,2,15
BRDA:20,2,0,1
BRDA:22,3,0,20
BRDA:22,3,1,1
BRDA:22,4,0,21
BRDA:22,4,1,2
BRF:11
BRH:11
end_of_record
TN:
SF:src/main/util/tools/util.ts
FN:13,(anonymous_0)
FN:16,(anonymous_1)
FN:24,(anonymous_2)
FN:25,(anonymous_3)
FN:28,(anonymous_4)
FN:39,(anonymous_5)
FN:49,(anonymous_6)
FN:59,(anonymous_7)
FN:65,(anonymous_8)
FN:71,(anonymous_9)
FN:89,(anonymous_10)
FN:97,(anonymous_11)
FN:104,(anonymous_12)
FN:111,(anonymous_13)
FN:117,(anonymous_14)
FN:118,(anonymous_15)
FN:131,(anonymous_16)
FN:149,(anonymous_17)
FN:156,(anonymous_18)
FN:169,(anonymous_19)
FN:184,(anonymous_20)
FN:193,(anonymous_21)
FN:209,(anonymous_22)
FNF:23
FNH:23
FNDA:17,(anonymous_0)
FNDA:1,(anonymous_1)
FNDA:1,(anonymous_2)
FNDA:3,(anonymous_3)
FNDA:24,(anonymous_4)
FNDA:4,(anonymous_5)
FNDA:2,(anonymous_6)
FNDA:5,(anonymous_7)
FNDA:1,(anonymous_8)
FNDA:2,(anonymous_9)
FNDA:1,(anonymous_10)
FNDA:1,(anonymous_11)
FNDA:2,(anonymous_12)
FNDA:3,(anonymous_13)
FNDA:3,(anonymous_14)
FNDA:2,(anonymous_15)
FNDA:22,(anonymous_16)
FNDA:9,(anonymous_17)
FNDA:1,(anonymous_18)
FNDA:3,(anonymous_19)
FNDA:2,(anonymous_20)
FNDA:5,(anonymous_21)
FNDA:8,(anonymous_22)
DA:1,10
DA:2,10
DA:3,10
DA:4,10
DA:5,10
DA:6,10
DA:7,10
DA:8,10
DA:11,10
DA:17,1
DA:25,3
DA:29,24
DA:30,24
DA:31,24
DA:33,1
DA:34,1
DA:35,1
DA:40,4
DA:41,3
DA:42,3
DA:43,3
DA:44,3
DA:45,3
DA:46,3
DA:50,2
DA:51,2
DA:52,1
DA:54,1
DA:60,5
DA:61,5
DA:62,5
DA:66,1
DA:67,1
DA:68,1
DA:72,2
DA:73,2
DA:74,2
DA:75,2
DA:76,1
DA:79,1
DA:81,2
DA:83,2
DA:84,2
DA:85,2
DA:86,2
DA:91,1
DA:92,1
DA:93,1
DA:94,1
DA:99,1
DA:100,1
DA:101,1
DA:105,2
DA:106,2
DA:107,2
DA:108,2
DA:117,3
DA:118,3
DA:122,2
DA:123,1
DA:125,1
DA:128,3
DA:132,22
DA:133,21
DA:134,21
DA:135,21
DA:136,1
DA:137,1
DA:139,20
DA:140,20
DA:141,20
DA:150,9
DA:151,4
DA:153,5
DA:158,1
DA:159,1
DA:160,1
DA:163,1
DA:164,1
DA:166,1
DA:171,3
DA:172,3
DA:173,1
DA:176,2
DA:180,1
DA:185,2
DA:186,2
DA:187,2
DA:188,2
DA:189,1
DA:196,5
DA:197,5
DA:198,5
DA:201,2
DA:204,5
DA:205,5
DA:206,5
DA:210,8
DA:211,8
DA:212,8
DA:213,1
DA:214,1
DA:216,1
DA:217,1
DA:218,1
DA:221,7
DA:223,7
DA:231,10
LF:108
LH:108
BRDA:28,0,0,1
BRDA:28,1,0,22
BRDA:40,2,0,1
BRDA:44,3,0,1
BRDA:44,3,1,2
BRDA:68,4,0,1
BRDA:68,4,1,1
BRDA:75,5,0,1
BRDA:75,5,1,1
BRDA:122,6,0,1
BRDA:122,6,1,1
BRDA:132,7,0,1
BRDA:133,8,0,20
BRDA:133,8,1,1
BRDA:135,9,0,1
BRDA:140,10,0,6
BRDA:140,10,1,14
BRDA:140,11,0,20
BRDA:140,11,1,6
BRDA:150,12,0,4
BRDA:172,13,0,1
BRDA:172,13,1,2
BRDA:188,14,0,1
BRF:23
BRH:23
end_of_record
